BinaryBuilder.jl version: 0.2.4-tree-e953eddbb5

`/bin/bash -l -c 'set -x
cc --version
c++ --version
gcc --version
g++ --version
clang --version
clang++ --version
objc --version
f77 --version
gfortran --version
ld -v
'`
x86_64-w64-mingw32-gcc (GCC) 4.8.5
Copyright (C) 2015 Free Software Foundation, Inc.
This is free software; see the source for copying conditions.  There is NO
warranty; not even for MERCHANTABILITY or FITNESS FOR A PARTICULAR PURPOSE.

x86_64-w64-mingw32-g++ (GCC) 4.8.5
Copyright (C) 2015 Free Software Foundation, Inc.
This is free software; see the source for copying conditions.  There is NO
warranty; not even for MERCHANTABILITY or FITNESS FOR A PARTICULAR PURPOSE.

x86_64-w64-mingw32-gcc (GCC) 4.8.5
Copyright (C) 2015 Free Software Foundation, Inc.
This is free software; see the source for copying conditions.  There is NO
warranty; not even for MERCHANTABILITY or FITNESS FOR A PARTICULAR PURPOSE.

verbose sandbox enabled (running in privileged container mode)
Parsed --rootfs as "/depot/artifacts/1f1eff795e9e8a2f8a3929de9f902123749a9b6b"
Parsed --cd as "/workspace/srcdir"
Parsed --workspace as "/agent/_work/1/s/A/ASL/build/x86_64-w64-mingw32/K0D9D7za" -> "/workspace"
Parsed --workspace as "/agent/_work/1/s/A/ASL/build/x86_64-w64-mingw32/K0D9D7za/metadir" -> "/meta"
Parsed --workspace as "/tmp/jl_u3jTb0" -> "/opt/bin"
Parsed --workspace as "/depot/ccache" -> "/root/.ccache"
Parsed --map as "/depot/artifacts/38b192b1c0ce5975001efbe447cc3103d3adb518" -> "/opt/x86_64-w64-mingw32/PlatformSupport-2020.2.7"
Parsed --map as "/depot/artifacts/70945a06a67cd2993da453bfb8db7848b6bc1bc4" -> "/opt/x86_64-w64-mingw32/GCCBootstrap-4.8.5"
Parsed --map as "/depot/artifacts/35dc5ddb1b3037f449fee5771b6c12ebcc4350b8" -> "/opt/x86_64-linux-musl/LLVMBootstrap-9.0.1"
Parsed --map as "/depot/artifacts/1a9bb425a2d8d6e56e4b68078e9d74e228daad18" -> "/opt/x86_64-linux-musl/PlatformSupport-2020.2.7"
Parsed --map as "/depot/artifacts/2e6f62648ec0497cc25774aa175471ad41b6172a" -> "/opt/x86_64-linux-musl/GCCBootstrap-4.8.5"
--> Creating overlay workdir at /proc
--> Mounting overlay of /depot/artifacts/1f1eff795e9e8a2f8a3929de9f902123749a9b6b at /depot/artifacts/1f1eff795e9e8a2f8a3929de9f902123749a9b6b (modifications in /proc/upper/rootfs, workspace in /proc/work/rootfs)
--> mapping /depot/artifacts/2e6f62648ec0497cc25774aa175471ad41b6172a to /depot/artifacts/1f1eff795e9e8a2f8a3929de9f902123749a9b6b/opt/x86_64-linux-musl/GCCBootstrap-4.8.5
--> mapping /depot/artifacts/1a9bb425a2d8d6e56e4b68078e9d74e228daad18 to /depot/artifacts/1f1eff795e9e8a2f8a3929de9f902123749a9b6b/opt/x86_64-linux-musl/PlatformSupport-2020.2.7
--> mapping /depot/artifacts/35dc5ddb1b3037f449fee5771b6c12ebcc4350b8 to /depot/artifacts/1f1eff795e9e8a2f8a3929de9f902123749a9b6b/opt/x86_64-linux-musl/LLVMBootstrap-9.0.1
--> mapping /depot/artifacts/70945a06a67cd2993da453bfb8db7848b6bc1bc4 to /depot/artifacts/1f1eff795e9e8a2f8a3929de9f902123749a9b6b/opt/x86_64-w64-mingw32/GCCBootstrap-4.8.5
--> mapping /depot/artifacts/38b192b1c0ce5975001efbe447cc3103d3adb518 to /depot/artifacts/1f1eff795e9e8a2f8a3929de9f902123749a9b6b/opt/x86_64-w64-mingw32/PlatformSupport-2020.2.7
--> Mounting overlay of /depot/artifacts/1f1eff795e9e8a2f8a3929de9f902123749a9b6b/opt/x86_64-w64-mingw32/PlatformSupport-2020.2.7:/depot/artifacts/1f1eff795e9e8a2f8a3929de9f902123749a9b6b/opt/x86_64-w64-mingw32/GCCBootstrap-4.8.5 at /depot/artifacts/1f1eff795e9e8a2f8a3929de9f902123749a9b6b/opt/x86_64-w64-mingw32 (modifications in /proc/upper/x86_64-w64-mingw32, workspace in /proc/work/x86_64-w64-mingw32)
--> Mounting overlay of /depot/artifacts/1f1eff795e9e8a2f8a3929de9f902123749a9b6b/opt/x86_64-linux-musl/LLVMBootstrap-9.0.1:/depot/artifacts/1f1eff795e9e8a2f8a3929de9f902123749a9b6b/opt/x86_64-linux-musl/PlatformSupport-2020.2.7:/depot/artifacts/1f1eff795e9e8a2f8a3929de9f902123749a9b6b/opt/x86_64-linux-musl/GCCBootstrap-4.8.5 at /depot/artifacts/1f1eff795e9e8a2f8a3929de9f902123749a9b6b/opt/x86_64-linux-musl (modifications in /proc/upper/x86_64-linux-musl, workspace in /proc/work/x86_64-linux-musl)
--> Mounting procfs at /depot/artifacts/1f1eff795e9e8a2f8a3929de9f902123749a9b6b/proc
--> Mounting /dev/null at /depot/artifacts/1f1eff795e9e8a2f8a3929de9f902123749a9b6b/dev/null
--> Mounting /dev/tty at /depot/artifacts/1f1eff795e9e8a2f8a3929de9f902123749a9b6b/dev/tty
--> Mounting /dev/urandom at /depot/artifacts/1f1eff795e9e8a2f8a3929de9f902123749a9b6b/dev/urandom
--> workspacing /depot/ccache to /depot/artifacts/1f1eff795e9e8a2f8a3929de9f902123749a9b6b/root/.ccache
--> workspacing /tmp/jl_u3jTb0 to /depot/artifacts/1f1eff795e9e8a2f8a3929de9f902123749a9b6b/opt/bin
--> workspacing /agent/_work/1/s/A/ASL/build/x86_64-w64-mingw32/K0D9D7za/metadir to /depot/artifacts/1f1eff795e9e8a2f8a3929de9f902123749a9b6b/meta
--> workspacing /agent/_work/1/s/A/ASL/build/x86_64-w64-mingw32/K0D9D7za to /depot/artifacts/1f1eff795e9e8a2f8a3929de9f902123749a9b6b/workspace
--> Mounting procfs at /proc
Child Process PID is 5253
--> Mapping 0:0 to root:root within container namespace
--> Mounting procfs at /depot/artifacts/1f1eff795e9e8a2f8a3929de9f902123749a9b6b/proc
About to run `/bin/bash` `-l` `-c` `set -x
cc --version
c++ --version
gcc --version
g++ --version
clang --version
clang++ --version
objc --version
f77 --version
gfortran --version
ld -v
` 
+ cc --version
+ c++ --version
+ gcc --version
+ g++ --version
x86_64-w64-mingw32-g++ (GCC) 4.8.5
Copyright (C) 2015 Free Software Foundation, Inc.
This is free software; see the source for copying conditions.  There is NO
warranty; not even for MERCHANTABILITY or FITNESS FOR A PARTICULAR PURPOSE.

+ clang --version
clang version 9.0.1 (/home/staticfloat/.julia/dev/BinaryBuilder/deps/downloads/llvm-project.git c1a0a213378a458fbea1a5c77b315c7dce08fd05)
Target: x86_64-w64-windows-gnu
Thread model: posix
InstalledDir: /opt/x86_64-linux-musl/bin
+ clang++ --version
clang version 9.0.1 (/home/staticfloat/.julia/dev/BinaryBuilder/deps/downloads/llvm-project.git c1a0a213378a458fbea1a5c77b315c7dce08fd05)
Target: x86_64-w64-windows-gnu
Thread model: posix
InstalledDir: /opt/x86_64-linux-musl/bin
+ objc --version
clang version 9.0.1 (/home/staticfloat/.julia/dev/BinaryBuilder/deps/downloads/llvm-project.git c1a0a213378a458fbea1a5c77b315c7dce08fd05)
Target: x86_64-w64-windows-gnu
Thread model: posix
InstalledDir: /opt/x86_64-linux-musl/bin
+ f77 --version
GNU Fortran (GCC) 4.8.5
Copyright (C) 2015 Free Software Foundation, Inc.

GNU Fortran comes with NO WARRANTY, to the extent permitted by law.
You may redistribute copies of GNU Fortran
under the terms of the GNU General Public License.
For more information about these matters, see the file named COPYING

+ gfortran --version
GNU Fortran (GCC) 4.8.5
Copyright (C) 2015 Free Software Foundation, Inc.

GNU Fortran comes with NO WARRANTY, to the extent permitted by law.
You may redistribute copies of GNU Fortran
under the terms of the GNU General Public License.
For more information about these matters, see the file named COPYING

+ ld -v
GNU ld (GNU Binutils) 2.24
Child Process exited, exit code 0
`/bin/bash -l -c "# Stop if we hit any errors.
set -e

# If we're running as \`bash\`, then use the \`DEBUG\` and \`ERR\` traps
if [ \$(basename \$0) = \"bash\" ]; then
    trap \"trap - DEBUG INT TERM ERR EXIT; \
          set +e +x; \
          auto_install_license; \
          save_env\" \
        EXIT

    trap \"RET=\\$?; \
          trap - DEBUG INT TERM ERR EXIT; \
          set +e +x; \
          echo Previous command \\$! exited with \\$RET >&2; \
          save_env; \
          exit \\$RET\" \
        INT TERM ERR

    # Start saving everything into our history
    trap save_history DEBUG
else
    # If we're running in \`sh\` or something like that, we need a
    # slightly slimmer set of traps. :(
    trap \"RET=\\$?; \
          echo Previous command exited with \\$RET >&2; \
          set +e +x; \
          save_env; \
          exit \\$RET\" \
        EXIT INT TERM
fi

cd \$WORKSPACE/srcdir/solvers/
head -17 asl.h > LICENSE.txt
mkdir -p \${libdir}
incdir=\${prefix}/include
mkdir -p \${incdir}

all_load=\"--whole-archive\"
noall_load=\"--no-whole-archive\"
makefile=\"makefile.u\"
cflags=\"\"

if [[ -f \$WORKSPACE/srcdir/asl-extra/arith.h.\$target ]]; then
    cp \$WORKSPACE/srcdir/asl-extra/arith.h.\$target ./arith.h
fi

if [[ \"\${target}\" == \"arm-linux-musleabihf\" ]]; then
    cp \$WORKSPACE/srcdir/asl-extra/arith.h.arm-linux-gnueabihf ./arith.h
elif [[ \$target == \"i686-linux-musl\" ]]; then
    cp \$WORKSPACE/srcdir/asl-extra/arith.h.i686-linux-gnu ./arith.h
elif [[ \"\${target}\" == \"aarch64-linux-musl\" ]]; then
    cp \$WORKSPACE/srcdir/asl-extra/arith.h.aarch64-linux-gnu ./arith.h
elif [[ \"\${target}\" == *-freebsd* ]]; then
    cp \$WORKSPACE/srcdir/asl-extra/arith.h.x86_64-linux-gnu ./arith.h
    cflags=\"-D__XSI_VISIBLE=1\"
elif [[ \"\${target}\" == *-mingw* ]]; then
    makefile=\"\$WORKSPACE/srcdir/asl-extra/makefile.mingw\"
elif [[ \"\${target}\" == *-apple-* ]]; then
    all_load=\"-all_load\"
    noall_load=\"-noall_load\"
fi

make -f \$makefile CC=\"\$CC\" CFLAGS=\"-O -fPIC \$cflags\"
c++ -fPIC -shared -I\$WORKSPACE/srcdir/asl-extra -I. \$WORKSPACE/srcdir/asl-extra/aslinterface.cc -Wl,\${all_load} amplsolver.a -Wl,\${noall_load} -o libasl.\${dlext}
mv libasl.\${dlext} \${libdir}
cp *.h \${incdir}
install_license LICENSE.txt

"`
verbose sandbox enabled (running in privileged container mode)
Parsed --rootfs as "/depot/artifacts/1f1eff795e9e8a2f8a3929de9f902123749a9b6b"
Parsed --cd as "/workspace/srcdir"
Parsed --workspace as "/agent/_work/1/s/A/ASL/build/x86_64-w64-mingw32/K0D9D7za" -> "/workspace"
Parsed --workspace as "/agent/_work/1/s/A/ASL/build/x86_64-w64-mingw32/K0D9D7za/metadir" -> "/meta"
Parsed --workspace as "/tmp/jl_u3jTb0" -> "/opt/bin"
Parsed --workspace as "/depot/ccache" -> "/root/.ccache"
Parsed --map as "/depot/artifacts/38b192b1c0ce5975001efbe447cc3103d3adb518" -> "/opt/x86_64-w64-mingw32/PlatformSupport-2020.2.7"
Parsed --map as "/depot/artifacts/70945a06a67cd2993da453bfb8db7848b6bc1bc4" -> "/opt/x86_64-w64-mingw32/GCCBootstrap-4.8.5"
Parsed --map as "/depot/artifacts/35dc5ddb1b3037f449fee5771b6c12ebcc4350b8" -> "/opt/x86_64-linux-musl/LLVMBootstrap-9.0.1"
Parsed --map as "/depot/artifacts/1a9bb425a2d8d6e56e4b68078e9d74e228daad18" -> "/opt/x86_64-linux-musl/PlatformSupport-2020.2.7"
Parsed --map as "/depot/artifacts/2e6f62648ec0497cc25774aa175471ad41b6172a" -> "/opt/x86_64-linux-musl/GCCBootstrap-4.8.5"
--> Creating overlay workdir at /proc
--> Mounting overlay of /depot/artifacts/1f1eff795e9e8a2f8a3929de9f902123749a9b6b at /depot/artifacts/1f1eff795e9e8a2f8a3929de9f902123749a9b6b (modifications in /proc/upper/rootfs, workspace in /proc/work/rootfs)
--> mapping /depot/artifacts/2e6f62648ec0497cc25774aa175471ad41b6172a to /depot/artifacts/1f1eff795e9e8a2f8a3929de9f902123749a9b6b/opt/x86_64-linux-musl/GCCBootstrap-4.8.5
--> mapping /depot/artifacts/1a9bb425a2d8d6e56e4b68078e9d74e228daad18 to /depot/artifacts/1f1eff795e9e8a2f8a3929de9f902123749a9b6b/opt/x86_64-linux-musl/PlatformSupport-2020.2.7
--> mapping /depot/artifacts/35dc5ddb1b3037f449fee5771b6c12ebcc4350b8 to /depot/artifacts/1f1eff795e9e8a2f8a3929de9f902123749a9b6b/opt/x86_64-linux-musl/LLVMBootstrap-9.0.1
--> mapping /depot/artifacts/70945a06a67cd2993da453bfb8db7848b6bc1bc4 to /depot/artifacts/1f1eff795e9e8a2f8a3929de9f902123749a9b6b/opt/x86_64-w64-mingw32/GCCBootstrap-4.8.5
--> mapping /depot/artifacts/38b192b1c0ce5975001efbe447cc3103d3adb518 to /depot/artifacts/1f1eff795e9e8a2f8a3929de9f902123749a9b6b/opt/x86_64-w64-mingw32/PlatformSupport-2020.2.7
--> Mounting overlay of /depot/artifacts/1f1eff795e9e8a2f8a3929de9f902123749a9b6b/opt/x86_64-w64-mingw32/PlatformSupport-2020.2.7:/depot/artifacts/1f1eff795e9e8a2f8a3929de9f902123749a9b6b/opt/x86_64-w64-mingw32/GCCBootstrap-4.8.5 at /depot/artifacts/1f1eff795e9e8a2f8a3929de9f902123749a9b6b/opt/x86_64-w64-mingw32 (modifications in /proc/upper/x86_64-w64-mingw32, workspace in /proc/work/x86_64-w64-mingw32)
--> Mounting overlay of /depot/artifacts/1f1eff795e9e8a2f8a3929de9f902123749a9b6b/opt/x86_64-linux-musl/LLVMBootstrap-9.0.1:/depot/artifacts/1f1eff795e9e8a2f8a3929de9f902123749a9b6b/opt/x86_64-linux-musl/PlatformSupport-2020.2.7:/depot/artifacts/1f1eff795e9e8a2f8a3929de9f902123749a9b6b/opt/x86_64-linux-musl/GCCBootstrap-4.8.5 at /depot/artifacts/1f1eff795e9e8a2f8a3929de9f902123749a9b6b/opt/x86_64-linux-musl (modifications in /proc/upper/x86_64-linux-musl, workspace in /proc/work/x86_64-linux-musl)
--> Mounting procfs at /depot/artifacts/1f1eff795e9e8a2f8a3929de9f902123749a9b6b/proc
--> Mounting /dev/null at /depot/artifacts/1f1eff795e9e8a2f8a3929de9f902123749a9b6b/dev/null
--> Mounting /dev/tty at /depot/artifacts/1f1eff795e9e8a2f8a3929de9f902123749a9b6b/dev/tty
--> Mounting /dev/urandom at /depot/artifacts/1f1eff795e9e8a2f8a3929de9f902123749a9b6b/dev/urandom
--> workspacing /depot/ccache to /depot/artifacts/1f1eff795e9e8a2f8a3929de9f902123749a9b6b/root/.ccache
--> workspacing /tmp/jl_u3jTb0 to /depot/artifacts/1f1eff795e9e8a2f8a3929de9f902123749a9b6b/opt/bin
--> workspacing /agent/_work/1/s/A/ASL/build/x86_64-w64-mingw32/K0D9D7za/metadir to /depot/artifacts/1f1eff795e9e8a2f8a3929de9f902123749a9b6b/meta
--> workspacing /agent/_work/1/s/A/ASL/build/x86_64-w64-mingw32/K0D9D7za to /depot/artifacts/1f1eff795e9e8a2f8a3929de9f902123749a9b6b/workspace
--> Mounting procfs at /proc
Child Process PID is 5313
--> Mapping 0:0 to root:root within container namespace
--> Mounting procfs at /depot/artifacts/1f1eff795e9e8a2f8a3929de9f902123749a9b6b/proc
About to run `/bin/bash` `-l` `-c` `# Stop if we hit any errors.
set -e

# If we're running as `bash`, then use the `DEBUG` and `ERR` traps
if [ $(basename $0) = "bash" ]; then
    trap "trap - DEBUG INT TERM ERR EXIT; \
          set +e +x; \
          auto_install_license; \
          save_env" \
        EXIT

    trap "RET=\$?; \
          trap - DEBUG INT TERM ERR EXIT; \
          set +e +x; \
          echo Previous command \$! exited with \$RET >&2; \
          save_env; \
          exit \$RET" \
        INT TERM ERR

    # Start saving everything into our history
    trap save_history DEBUG
else
    # If we're running in `sh` or something like that, we need a
    # slightly slimmer set of traps. :(
    trap "RET=\$?; \
          echo Previous command exited with \$RET >&2; \
          set +e +x; \
          save_env; \
          exit \$RET" \
        EXIT INT TERM
fi

cd $WORKSPACE/srcdir/solvers/
head -17 asl.h > LICENSE.txt
mkdir -p ${libdir}
incdir=${prefix}/include
mkdir -p ${incdir}

all_load="--whole-archive"
noall_load="--no-whole-archive"
makefile="makefile.u"
cflags=""

if [[ -f $WORKSPACE/srcdir/asl-extra/arith.h.$target ]]; then
    cp $WORKSPACE/srcdir/asl-extra/arith.h.$target ./arith.h
fi

if [[ "${target}" == "arm-linux-musleabihf" ]]; then
    cp $WORKSPACE/srcdir/asl-extra/arith.h.arm-linux-gnueabihf ./arith.h
elif [[ $target == "i686-linux-musl" ]]; then
    cp $WORKSPACE/srcdir/asl-extra/arith.h.i686-linux-gnu ./arith.h
elif [[ "${target}" == "aarch64-linux-musl" ]]; then
    cp $WORKSPACE/srcdir/asl-extra/arith.h.aarch64-linux-gnu ./arith.h
elif [[ "${target}" == *-freebsd* ]]; then
    cp $WORKSPACE/srcdir/asl-extra/arith.h.x86_64-linux-gnu ./arith.h
    cflags="-D__XSI_VISIBLE=1"
elif [[ "${target}" == *-mingw* ]]; then
    makefile="$WORKSPACE/srcdir/asl-extra/makefile.mingw"
elif [[ "${target}" == *-apple-* ]]; then
    all_load="-all_load"
    noall_load="-noall_load"
fi

make -f $makefile CC="$CC" CFLAGS="-O -fPIC $cflags"
c++ -fPIC -shared -I$WORKSPACE/srcdir/asl-extra -I. $WORKSPACE/srcdir/asl-extra/aslinterface.cc -Wl,${all_load} amplsolver.a -Wl,${noall_load} -o libasl.${dlext}
mv libasl.${dlext} ${libdir}
cp *.h ${incdir}
install_license LICENSE.txt

` 
 ---> cd $WORKSPACE/srcdir/solvers/
 ---> head -17 asl.h > LICENSE.txt
 ---> mkdir -p ${libdir}
 ---> incdir=${prefix}/include
 ---> mkdir -p ${incdir}
 ---> all_load="--whole-archive"
 ---> noall_load="--no-whole-archive"
 ---> makefile="makefile.u"
 ---> cflags=""
 ---> [[ -f $WORKSPACE/srcdir/asl-extra/arith.h.$target ]]
 ---> cp $WORKSPACE/srcdir/asl-extra/arith.h.$target ./arith.h
 ---> [[ "${target}" == "arm-linux-musleabihf" ]]
 ---> [[ $target == "i686-linux-musl" ]]
 ---> [[ "${target}" == "aarch64-linux-musl" ]]
 ---> [[ "${target}" == *-freebsd* ]]
 ---> [[ "${target}" == *-mingw* ]]
 ---> makefile="$WORKSPACE/srcdir/asl-extra/makefile.mingw"
 ---> make -f $makefile CC="$CC" CFLAGS="-O -fPIC $cflags"
cat stdio1.h0 >stdio1.h
sed "s!System_details!`uname -sm`!" details.c0 >details.c
cc -c -O -fPIC  asldate.c atof.c auxinfo.c avltree.c b_search.c basename.c bscanf.c com2eval.c comeval.c con1ival.c con2ival.c con2val.c conadj.c conpval.c conscale.c conval.c degree.c derprop.c details.c dtoa1.c duthes.c dynlink.c f_read.c fg_read.c fg_write.c fgh_read.c fpecatch.c fpinitmt.c fullhes.c func_add.c funcadd1.c g_fmt.c genrowno.c getenv.c getstub.c htcl.c indic_cons.c jac0dim.c jac2dim.c jacdim.c jacinc.c jacinc1.c libnamsave.c mach.c mainexit.c mip_pri.c misc.c mpec_adj.c mqpcheckv.c mypow.c names.c nl_obj.c nqpcheck.c nqpcheckZ.c obj2val.c obj_adj.c obj_prec.c objconst.c objval.c objval_.c op_type.c pfg_read.c pfghread.c printf.c pshvprod.c punknown.c qp_read.c qpcheck.c qpcheckZ.c qsortv.c readsol.c repwhere.c rops.c rops2.c sigcatch.c sos_add.c sphes.c sscanf.c stderr.c studchk0.c suf_sos.c value.c writesol.c wrtsol_.c ws_desc.c wsu_desc.c x2check.c xectim.c xp1known.c xp2known.c
asldate.c:1:0: warning: -fPIC ignored for target (all code is position independent) [enabled by default]
 long ASLdate_ASL = 20190605;
 ^
atof.c:1:0: warning: -fPIC ignored for target (all code is position independent) [enabled by default]
 /****************************************************************
 ^
auxinfo.c:1:0: warning: -fPIC ignored for target (all code is position independent) [enabled by default]
 /****************************************************************
 ^
avltree.c:1:0: warning: -fPIC ignored for target (all code is position independent) [enabled by default]
 /****************************************************************
 ^
b_search.c:1:0: warning: -fPIC ignored for target (all code is position independent) [enabled by default]
 /****************************************************************
 ^
basename.c:1:0: warning: -fPIC ignored for target (all code is position independent) [enabled by default]
 /****************************************************************
 ^
bscanf.c:1:0: warning: -fPIC ignored for target (all code is position independent) [enabled by default]
 /****************************************************************
 ^
com2eval.c:1:0: warning: -fPIC ignored for target (all code is position independent) [enabled by default]
 /*******************************************************************
 ^
comeval.c:1:0: warning: -fPIC ignored for target (all code is position independent) [enabled by default]
 /****************************************************************
 ^
con1ival.c:1:0: warning: -fPIC ignored for target (all code is position independent) [enabled by default]
 /*******************************************************************
 ^
con2ival.c:1:0: warning: -fPIC ignored for target (all code is position independent) [enabled by default]
 /*******************************************************************
 ^
con2val.c:1:0: warning: -fPIC ignored for target (all code is position independent) [enabled by default]
 /*******************************************************************
 ^
conadj.c:1:0: warning: -fPIC ignored for target (all code is position independent) [enabled by default]
 /****************************************************************
 ^
conpval.c:1:0: warning: -fPIC ignored for target (all code is position independent) [enabled by default]
 /*******************************************************************
 ^
conscale.c:1:0: warning: -fPIC ignored for target (all code is position independent) [enabled by default]
 #include "asl.h"
 ^
conval.c:1:0: warning: -fPIC ignored for target (all code is position independent) [enabled by default]
 /*******************************************************************
 ^
degree.c:1:0: warning: -fPIC ignored for target (all code is position independent) [enabled by default]
 /*******************************************************************
 ^
In file included from asl.h:22:0,
                 from nlp.h:23,
                 from degree.c:42:
degree.c: In function ‘kind’:
arith.h:4:22: warning: cast from pointer to integer of different size [-Wpointer-to-int-cast]
 #define Intcast (int)(long)
                      ^
degree.c:63:9: note: in expansion of macro ‘Intcast’
  switch(Intcast e->op) {
         ^
derprop.c:1:0: warning: -fPIC ignored for target (all code is position independent) [enabled by default]
 /****************************************************************
 ^
details.c:1:0: warning: -fPIC ignored for target (all code is position independent) [enabled by default]
 /* For operating-system and compiler details...   */
 ^
dtoa1.c:1:0: warning: -fPIC ignored for target (all code is position independent) [enabled by default]
 /*******************************************************************
 ^
dtoa1.c:31:0: warning: "strtod" redefined [enabled by default]
 #define strtod strtod_ASL
 ^
In file included from dtoa1.c:30:0:
/opt/x86_64-w64-mingw32/x86_64-w64-mingw32/sys-root/include/stdlib.h:475:0: note: this is the location of the previous definition
 #define strtod __strtod
 ^
duthes.c:1:0: warning: -fPIC ignored for target (all code is position independent) [enabled by default]
 /****************************************************************
 ^
dynlink.c:1:0: warning: -fPIC ignored for target (all code is position independent) [enabled by default]
 /****************************************************************
 ^
f_read.c:1:0: warning: -fPIC ignored for target (all code is position independent) [enabled by default]
 /****************************************************************
 ^
fg_read.c:1:0: warning: -fPIC ignored for target (all code is position independent) [enabled by default]
 /****************************************************************
 ^
fg_write.c:1:0: warning: -fPIC ignored for target (all code is position independent) [enabled by default]
 /*******************************************************************
 ^
In file included from asl.h:22:0,
                 from nlp.h:23,
                 from fg_write.c:19:
fg_write.c: In function ‘eput’:
arith.h:4:22: warning: cast from pointer to integer of different size [-Wpointer-to-int-cast]
 #define Intcast (int)(long)
                      ^
fg_write.c:226:8: note: in expansion of macro ‘Intcast’
  nop = Intcast op;
        ^
arith.h:4:22: warning: cast from pointer to integer of different size [-Wpointer-to-int-cast]
 #define Intcast (int)(long)
                      ^
fg_write.c:228:28: note: in expansion of macro ‘Intcast’
   (*pf)(nl, "o%d\n", nop = Intcast op);
                            ^
fgh_read.c:1:0: warning: -fPIC ignored for target (all code is position independent) [enabled by default]
 /*******************************************************************
 ^
fpecatch.c:1:0: warning: -fPIC ignored for target (all code is position independent) [enabled by default]
 /****************************************************************
 ^
fpinitmt.c:1:0: warning: -fPIC ignored for target (all code is position independent) [enabled by default]
 /****************************************************************
 ^
fpinitmt.c: In function ‘siglisten’:
fpinitmt.c:170:18: warning: cast to pointer from integer of different size [-Wint-to-pointer-cast]
   if (!(Sig[0] = (HANDLE)STRTOUL(s,&s,10))
                  ^
fpinitmt.c:172:18: warning: cast to pointer from integer of different size [-Wint-to-pointer-cast]
    || !(Sig[1] = (HANDLE)STRTOUL(s+1,&s,10)))
                  ^
fullhes.c:1:0: warning: -fPIC ignored for target (all code is position independent) [enabled by default]
 /****************************************************************
 ^
func_add.c:1:0: warning: -fPIC ignored for target (all code is position independent) [enabled by default]
 /****************************************************************
 ^
funcadd1.c:1:0: warning: -fPIC ignored for target (all code is position independent) [enabled by default]
 /****************************************************************
 ^
g_fmt.c:1:0: warning: -fPIC ignored for target (all code is position independent) [enabled by default]
 /****************************************************************
 ^
genrowno.c:1:0: warning: -fPIC ignored for target (all code is position independent) [enabled by default]
 /****************************************************************
 ^
getenv.c:1:0: warning: -fPIC ignored for target (all code is position independent) [enabled by default]
 /****************************************************************
 ^
getstub.c:1:0: warning: -fPIC ignored for target (all code is position independent) [enabled by default]
 /****************************************************************
 ^
htcl.c:1:0: warning: -fPIC ignored for target (all code is position independent) [enabled by default]
 /****************************************************************
 ^
indic_cons.c:1:0: warning: -fPIC ignored for target (all code is position independent) [enabled by default]
 /*******************************************************************
 ^
In file included from asl.h:22:0,
                 from nlp.h:23,
                 from indic_cons.c:19:
indic_cons.c: In function ‘bincheck’:
arith.h:4:22: warning: cast from pointer to integer of different size [-Wpointer-to-int-cast]
 #define Intcast (int)(long)
                      ^
indic_cons.c:69:9: note: in expansion of macro ‘Intcast’
  switch(Intcast e->op) {
         ^
arith.h:4:22: warning: cast from pointer to integer of different size [-Wpointer-to-int-cast]
 #define Intcast (int)(long)
                      ^
indic_cons.c:79:10: note: in expansion of macro ‘Intcast’
  switch (Intcast v->op) {
          ^
arith.h:4:22: warning: cast from pointer to integer of different size [-Wpointer-to-int-cast]
 #define Intcast (int)(long)
                      ^
indic_cons.c:82:8: note: in expansion of macro ‘Intcast’
   if ((Intcast en->op) == OPNUM) {
        ^
arith.h:4:22: warning: cast from pointer to integer of different size [-Wpointer-to-int-cast]
 #define Intcast (int)(long)
                      ^
indic_cons.c:97:8: note: in expansion of macro ‘Intcast’
   if ((Intcast v->op) == OPVARVAL)
        ^
indic_cons.c: In function ‘linform’:
arith.h:4:22: warning: cast from pointer to integer of different size [-Wpointer-to-int-cast]
 #define Intcast (int)(long)
                      ^
indic_cons.c:244:9: note: in expansion of macro ‘Intcast’
  switch(Intcast e->op) {
         ^
arith.h:4:22: warning: cast from pointer to integer of different size [-Wpointer-to-int-cast]
 #define Intcast (int)(long)
                      ^
indic_cons.c:379:8: note: in expansion of macro ‘Intcast’
   if ((Intcast en->op) != OPNUM)
        ^
indic_cons.c: In function ‘lincheck’:
arith.h:4:22: warning: cast from pointer to integer of different size [-Wpointer-to-int-cast]
 #define Intcast (int)(long)
                      ^
indic_cons.c:414:9: note: in expansion of macro ‘Intcast’
  switch(Intcast e->op) {
         ^
indic_cons.c: In function ‘lcadj’:
arith.h:4:22: warning: cast from pointer to integer of different size [-Wpointer-to-int-cast]
 #define Intcast (int)(long)
                      ^
indic_cons.c:506:9: note: in expansion of macro ‘Intcast’
  switch(Intcast e->op) {
         ^
jac0dim.c:1:0: warning: -fPIC ignored for target (all code is position independent) [enabled by default]
 /****************************************************************
 ^
jac2dim.c:1:0: warning: -fPIC ignored for target (all code is position independent) [enabled by default]
 /* Derived from jacdim.c, which starts with the following copyright notice. */
 ^
jacdim.c:1:0: warning: -fPIC ignored for target (all code is position independent) [enabled by default]
 /****************************************************************
 ^
jacinc.c:1:0: warning: -fPIC ignored for target (all code is position independent) [enabled by default]
 /****************************************************************
 ^
jacinc1.c:1:0: warning: -fPIC ignored for target (all code is position independent) [enabled by default]
 /****************************************************************
 ^
libnamsave.c:1:0: warning: -fPIC ignored for target (all code is position independent) [enabled by default]
 #include "funcadd.h"
 ^
mach.c:1:0: warning: -fPIC ignored for target (all code is position independent) [enabled by default]
 /*******************************************************************
 ^
mainexit.c:1:0: warning: -fPIC ignored for target (all code is position independent) [enabled by default]
 /****************************************************************
 ^
mip_pri.c:1:0: warning: -fPIC ignored for target (all code is position independent) [enabled by default]
 /****************************************************************
 ^
misc.c:1:0: warning: -fPIC ignored for target (all code is position independent) [enabled by default]
 /*******************************************************************
 ^
mpec_adj.c:1:0: warning: -fPIC ignored for target (all code is position independent) [enabled by default]
 /****************************************************************
 ^
mqpcheckv.c:1:0: warning: -fPIC ignored for target (all code is position independent) [enabled by default]
 /*******************************************************************
 ^
In file included from asl.h:22:0,
                 from nlp.h:23,
                 from mqpcheckv.c:20:
mqpcheckv.c: In function ‘ewalk’:
arith.h:4:22: warning: cast from pointer to integer of different size [-Wpointer-to-int-cast]
 #define Intcast (int)(long)
                      ^
mqpcheckv.c:353:9: note: in expansion of macro ‘Intcast’
  switch(Intcast e->op) {
         ^
mypow.c:1:0: warning: -fPIC ignored for target (all code is position independent) [enabled by default]
 /****************************************************************
 ^
names.c:1:0: warning: -fPIC ignored for target (all code is position independent) [enabled by default]
 /****************************************************************
 ^
nl_obj.c:1:0: warning: -fPIC ignored for target (all code is position independent) [enabled by default]
 /****************************************************************
 ^
nqpcheck.c:1:0: warning: -fPIC ignored for target (all code is position independent) [enabled by default]
 /*******************************************************************
 ^
In file included from asl.h:22:0,
                 from nlp.h:23,
                 from nqpcheck.c:19:
nqpcheck.c: In function ‘ewalk’:
arith.h:4:22: warning: cast from pointer to integer of different size [-Wpointer-to-int-cast]
 #define Intcast (int)(long)
                      ^
nqpcheck.c:338:9: note: in expansion of macro ‘Intcast’
  switch(Intcast e->op) {
         ^
nqpcheckZ.c:1:0: warning: -fPIC ignored for target (all code is position independent) [enabled by default]
 /****************************************************************
 ^
In file included from asl.h:22:0,
                 from nlp.h:23,
                 from nqpcheckZ.c:19:
nqpcheck.c: In function ‘ewalk’:
arith.h:4:22: warning: cast from pointer to integer of different size [-Wpointer-to-int-cast]
 #define Intcast (int)(long)
                      ^
nqpcheck.c:338:9: note: in expansion of macro ‘Intcast’
  switch(Intcast e->op) {
         ^
obj2val.c:1:0: warning: -fPIC ignored for target (all code is position independent) [enabled by default]
 /*******************************************************************
 ^
obj_adj.c:1:0: warning: -fPIC ignored for target (all code is position independent) [enabled by default]
 /*******************************************************************
 ^
obj_prec.c:1:0: warning: -fPIC ignored for target (all code is position independent) [enabled by default]
 /****************************************************************
 ^
objconst.c:1:0: warning: -fPIC ignored for target (all code is position independent) [enabled by default]
 /*******************************************************************
 ^
objval.c:1:0: warning: -fPIC ignored for target (all code is position independent) [enabled by default]
 /*******************************************************************
 ^
objval_.c:1:0: warning: -fPIC ignored for target (all code is position independent) [enabled by default]
 /****************************************************************
 ^
op_type.c:1:0: warning: -fPIC ignored for target (all code is position independent) [enabled by default]
 /****************************************************************
 ^
pfg_read.c:1:0: warning: -fPIC ignored for target (all code is position independent) [enabled by default]
 /*******************************************************************
 ^
In file included from asl.h:22:0,
                 from nlp.h:23,
                 from psinfo.h:44,
                 from asl_pfg.h:28,
                 from pfg_read.c:35:
pfg_read.c: In function ‘efree’:
arith.h:4:22: warning: cast from pointer to integer of different size [-Wpointer-to-int-cast]
 #define Intcast (int)(long)
                      ^
pfg_read.c:440:17: note: in expansion of macro ‘Intcast’
  switch(optypeb[Intcast e->op]) {
                 ^
pfg_read.c: In function ‘new_expr’:
arith.h:4:22: warning: cast from pointer to integer of different size [-Wpointer-to-int-cast]
 #define Intcast (int)(long)
                      ^
pfg_read.c:484:7: note: in expansion of macro ‘Intcast’
   if (Intcast R->op == f_OPNUM) {
       ^
arith.h:4:22: warning: cast from pointer to integer of different size [-Wpointer-to-int-cast]
 #define Intcast (int)(long)
                      ^
pfg_read.c:496:12: note: in expansion of macro ‘Intcast’
   else if (Intcast L->op == f_OPNUM)
            ^
pfg_read.c: In function ‘eread’:
arith.h:4:22: warning: cast from pointer to integer of different size [-Wpointer-to-int-cast]
 #define Intcast (int)(long)
                      ^
pfg_read.c:631:15: note: in expansion of macro ‘Intcast’
     if ((op = Intcast arg->op) == f_OPHOL)
               ^
arith.h:4:22: warning: cast from pointer to integer of different size [-Wpointer-to-int-cast]
 #define Intcast (int)(long)
                      ^
pfg_read.c:663:15: note: in expansion of macro ‘Intcast’
     if ((op = Intcast arg->op) == f_OPHOL) {
               ^
pfg_read.c: In function ‘awalk’:
arith.h:4:22: warning: cast from pointer to integer of different size [-Wpointer-to-int-cast]
 #define Intcast (int)(long)
                      ^
pfg_read.c:1482:21: note: in expansion of macro ‘Intcast’
  switch(optypeb[k = Intcast e->op]) {
                     ^
pfg_read.c: In function ‘might_expand’:
arith.h:4:22: warning: cast from pointer to integer of different size [-Wpointer-to-int-cast]
 #define Intcast (int)(long)
                      ^
pfg_read.c:1812:9: note: in expansion of macro ‘Intcast’
  switch(Intcast e->op) {
         ^
arith.h:4:22: warning: cast from pointer to integer of different size [-Wpointer-to-int-cast]
 #define Intcast (int)(long)
                      ^
pfg_read.c:1819:8: note: in expansion of macro ‘Intcast’
    if (Intcast e->R.e->op == f_OPNUM) {
        ^
arith.h:4:22: warning: cast from pointer to integer of different size [-Wpointer-to-int-cast]
 #define Intcast (int)(long)
                      ^
pfg_read.c:1823:8: note: in expansion of macro ‘Intcast’
    if (Intcast e->L.e->op == f_OPNUM) {
        ^
pfg_read.c: In function ‘colindvref’:
arith.h:4:22: warning: cast from pointer to integer of different size [-Wpointer-to-int-cast]
 #define Intcast (int)(long)
                      ^
pfg_read.c:2016:9: note: in expansion of macro ‘Intcast’
  switch(Intcast e->op) {
         ^
arith.h:4:22: warning: cast from pointer to integer of different size [-Wpointer-to-int-cast]
 #define Intcast (int)(long)
                      ^
pfg_read.c:2045:8: note: in expansion of macro ‘Intcast’
    if (Intcast e->R.e->op == f_OPNUM) {
        ^
arith.h:4:22: warning: cast from pointer to integer of different size [-Wpointer-to-int-cast]
 #define Intcast (int)(long)
                      ^
pfg_read.c:2049:8: note: in expansion of macro ‘Intcast’
    if (Intcast e->L.e->op == f_OPNUM) {
        ^
pfg_read.c: In function ‘termwalk’:
arith.h:4:22: warning: cast from pointer to integer of different size [-Wpointer-to-int-cast]
 #define Intcast (int)(long)
                      ^
pfg_read.c:2184:16: note: in expansion of macro ‘Intcast’
  if (n <= 0 && Intcast (*ep)->op == f_OPNUM)
                ^
arith.h:4:22: warning: cast from pointer to integer of different size [-Wpointer-to-int-cast]
 #define Intcast (int)(long)
                      ^
pfg_read.c:2246:10: note: in expansion of macro ‘Intcast’
   switch(Intcast e->op) {
          ^
pfg_read.c: In function ‘ecopy’:
arith.h:4:22: warning: cast from pointer to integer of different size [-Wpointer-to-int-cast]
 #define Intcast (int)(long)
                      ^
pfg_read.c:2294:14: note: in expansion of macro ‘Intcast’
  switch(op = Intcast e->op) {
              ^
arith.h:4:22: warning: cast from pointer to integer of different size [-Wpointer-to-int-cast]
 #define Intcast (int)(long)
                      ^
pfg_read.c:2300:8: note: in expansion of macro ‘Intcast’
    if (Intcast e->L.e->op == f_OPNUM) {
        ^
pfg_read.c: In function ‘ltermwalk’:
arith.h:4:22: warning: cast from pointer to integer of different size [-Wpointer-to-int-cast]
 #define Intcast (int)(long)
                      ^
pfg_read.c:2348:9: note: in expansion of macro ‘Intcast’
  switch(Intcast e->op) {
         ^
arith.h:4:22: warning: cast from pointer to integer of different size [-Wpointer-to-int-cast]
 #define Intcast (int)(long)
                      ^
pfg_read.c:2398:8: note: in expansion of macro ‘Intcast’
    if (Intcast en->op == f_OPNUM) {
        ^
arith.h:4:22: warning: cast from pointer to integer of different size [-Wpointer-to-int-cast]
 #define Intcast (int)(long)
                      ^
pfg_read.c:2416:8: note: in expansion of macro ‘Intcast’
    if (Intcast en->op == f_OPNUM) {
        ^
pfg_read.c: In function ‘getgroup’:
arith.h:4:22: warning: cast from pointer to integer of different size [-Wpointer-to-int-cast]
 #define Intcast (int)(long)
                      ^
pfg_read.c:2482:21: note: in expansion of macro ‘Intcast’
  for(e1 = e; optype[Intcast e1->op] == 1; e1 = e1->L.e)
                     ^
pfg_read.c: In function ‘ewalk’:
arith.h:4:22: warning: cast from pointer to integer of different size [-Wpointer-to-int-cast]
 #define Intcast (int)(long)
                      ^
pfg_read.c:2758:21: note: in expansion of macro ‘Intcast’
  switch(optypeb[k = Intcast e->op]) {
                     ^
arith.h:4:22: warning: cast from pointer to integer of different size [-Wpointer-to-int-cast]
 #define Intcast (int)(long)
                      ^
pfg_read.c:2794:10: note: in expansion of macro ‘Intcast’
     op = Intcast L->op;
          ^
arith.h:4:22: warning: cast from pointer to integer of different size [-Wpointer-to-int-cast]
 #define Intcast (int)(long)
                      ^
pfg_read.c:2854:9: note: in expansion of macro ‘Intcast’
    op = Intcast L->op;
         ^
arith.h:4:22: warning: cast from pointer to integer of different size [-Wpointer-to-int-cast]
 #define Intcast (int)(long)
                      ^
pfg_read.c:2869:9: note: in expansion of macro ‘Intcast’
    op = Intcast L->op;
         ^
arith.h:4:22: warning: cast from pointer to integer of different size [-Wpointer-to-int-cast]
 #define Intcast (int)(long)
                      ^
pfg_read.c:2906:10: note: in expansion of macro ‘Intcast’
     op = Intcast L->op;
          ^
arith.h:4:22: warning: cast from pointer to integer of different size [-Wpointer-to-int-cast]
 #define Intcast (int)(long)
                      ^
pfg_read.c:2960:10: note: in expansion of macro ‘Intcast’
     op = Intcast arg->op;
          ^
arith.h:4:22: warning: cast from pointer to integer of different size [-Wpointer-to-int-cast]
 #define Intcast (int)(long)
                      ^
pfg_read.c:3022:26: note: in expansion of macro ‘Intcast’
     arg->op = r_ops[op = Intcast arg->op];
                          ^
pfg_read.c: In function ‘comsubs’:
arith.h:4:22: warning: cast from pointer to integer of different size [-Wpointer-to-int-cast]
 #define Intcast (int)(long)
                      ^
pfg_read.c:3349:7: note: in expansion of macro ‘Intcast’
   if (Intcast d->e->op != f_OPVARVAL)
       ^
pfg_read.c: In function ‘cexp_walk’:
arith.h:4:22: warning: cast from pointer to integer of different size [-Wpointer-to-int-cast]
 #define Intcast (int)(long)
                      ^
pfg_read.c:3628:9: note: in expansion of macro ‘Intcast’
  switch(Intcast e->op) {
         ^
pfg_read.c: In function ‘adjust_compl_rhs’:
arith.h:4:22: warning: cast from pointer to integer of different size [-Wpointer-to-int-cast]
 #define Intcast (int)(long)
                      ^
pfg_read.c:3875:34: note: in expansion of macro ‘Intcast’
   if (Cvar[i] && (e = C[i].e) && Intcast e->op == f_OPNUM
                                  ^
pfg_read.c: In function ‘qwalk’:
arith.h:4:22: warning: cast from pointer to integer of different size [-Wpointer-to-int-cast]
 #define Intcast (int)(long)
                      ^
pfg_read.c:4061:20: note: in expansion of macro ‘Intcast’
  switch(optype[k = Intcast e->op]) {
                    ^
pfg_read.c: In function ‘co_walkloop’:
arith.h:4:22: warning: cast from pointer to integer of different size [-Wpointer-to-int-cast]
 #define Intcast (int)(long)
                      ^
pfg_read.c:4159:9: note: in expansion of macro ‘Intcast’
     if (Intcast g->g->op != f_OP2POW) {
         ^
pfghread.c:1:0: warning: -fPIC ignored for target (all code is position independent) [enabled by default]
 /*******************************************************************
 ^
In file included from asl.h:22:0,
                 from nlp2.h:25,
                 from psinfo.h:24,
                 from asl_pfgh.h:29,
                 from jacpdim.h:21,
                 from pfg_read.c:26,
                 from pfghread.c:21:
pfg_read.c: In function ‘efree’:
arith.h:4:22: warning: cast from pointer to integer of different size [-Wpointer-to-int-cast]
 #define Intcast (int)(long)
                      ^
pfg_read.c:440:17: note: in expansion of macro ‘Intcast’
  switch(optypeb[Intcast e->op]) {
                 ^
pfg_read.c: In function ‘new_expr’:
arith.h:4:22: warning: cast from pointer to integer of different size [-Wpointer-to-int-cast]
 #define Intcast (int)(long)
                      ^
pfg_read.c:484:7: note: in expansion of macro ‘Intcast’
   if (Intcast R->op == f_OPNUM) {
       ^
arith.h:4:22: warning: cast from pointer to integer of different size [-Wpointer-to-int-cast]
 #define Intcast (int)(long)
                      ^
pfg_read.c:496:12: note: in expansion of macro ‘Intcast’
   else if (Intcast L->op == f_OPNUM)
            ^
pfg_read.c: In function ‘dexpr’:
arith.h:4:22: warning: cast from pointer to integer of different size [-Wpointer-to-int-cast]
 #define Intcast (int)(long)
                      ^
pfg_read.c:530:12: note: in expansion of macro ‘Intcast’
   opcode = Intcast e->op;
            ^
pfg_read.c: In function ‘eread’:
arith.h:4:22: warning: cast from pointer to integer of different size [-Wpointer-to-int-cast]
 #define Intcast (int)(long)
                      ^
pfg_read.c:631:15: note: in expansion of macro ‘Intcast’
     if ((op = Intcast arg->op) == f_OPHOL)
               ^
arith.h:4:22: warning: cast from pointer to integer of different size [-Wpointer-to-int-cast]
 #define Intcast (int)(long)
                      ^
pfg_read.c:663:15: note: in expansion of macro ‘Intcast’
     if ((op = Intcast arg->op) == f_OPHOL) {
               ^
pfg_read.c: In function ‘awalk’:
arith.h:4:22: warning: cast from pointer to integer of different size [-Wpointer-to-int-cast]
 #define Intcast (int)(long)
                      ^
pfg_read.c:1482:21: note: in expansion of macro ‘Intcast’
  switch(optypeb[k = Intcast e->op]) {
                     ^
pfg_read.c: In function ‘might_expand’:
arith.h:4:22: warning: cast from pointer to integer of different size [-Wpointer-to-int-cast]
 #define Intcast (int)(long)
                      ^
pfg_read.c:1812:9: note: in expansion of macro ‘Intcast’
  switch(Intcast e->op) {
         ^
arith.h:4:22: warning: cast from pointer to integer of different size [-Wpointer-to-int-cast]
 #define Intcast (int)(long)
                      ^
pfg_read.c:1819:8: note: in expansion of macro ‘Intcast’
    if (Intcast e->R.e->op == f_OPNUM) {
        ^
arith.h:4:22: warning: cast from pointer to integer of different size [-Wpointer-to-int-cast]
 #define Intcast (int)(long)
                      ^
pfg_read.c:1823:8: note: in expansion of macro ‘Intcast’
    if (Intcast e->L.e->op == f_OPNUM) {
        ^
pfg_read.c: In function ‘colindvref’:
arith.h:4:22: warning: cast from pointer to integer of different size [-Wpointer-to-int-cast]
 #define Intcast (int)(long)
                      ^
pfg_read.c:2016:9: note: in expansion of macro ‘Intcast’
  switch(Intcast e->op) {
         ^
arith.h:4:22: warning: cast from pointer to integer of different size [-Wpointer-to-int-cast]
 #define Intcast (int)(long)
                      ^
pfg_read.c:2045:8: note: in expansion of macro ‘Intcast’
    if (Intcast e->R.e->op == f_OPNUM) {
        ^
arith.h:4:22: warning: cast from pointer to integer of different size [-Wpointer-to-int-cast]
 #define Intcast (int)(long)
                      ^
pfg_read.c:2049:8: note: in expansion of macro ‘Intcast’
    if (Intcast e->L.e->op == f_OPNUM) {
        ^
pfg_read.c: In function ‘termwalk’:
arith.h:4:22: warning: cast from pointer to integer of different size [-Wpointer-to-int-cast]
 #define Intcast (int)(long)
                      ^
pfg_read.c:2184:16: note: in expansion of macro ‘Intcast’
  if (n <= 0 && Intcast (*ep)->op == f_OPNUM)
                ^
arith.h:4:22: warning: cast from pointer to integer of different size [-Wpointer-to-int-cast]
 #define Intcast (int)(long)
                      ^
pfg_read.c:2246:10: note: in expansion of macro ‘Intcast’
   switch(Intcast e->op) {
          ^
pfg_read.c: In function ‘ecopy’:
arith.h:4:22: warning: cast from pointer to integer of different size [-Wpointer-to-int-cast]
 #define Intcast (int)(long)
                      ^
pfg_read.c:2294:14: note: in expansion of macro ‘Intcast’
  switch(op = Intcast e->op) {
              ^
arith.h:4:22: warning: cast from pointer to integer of different size [-Wpointer-to-int-cast]
 #define Intcast (int)(long)
                      ^
pfg_read.c:2300:8: note: in expansion of macro ‘Intcast’
    if (Intcast e->L.e->op == f_OPNUM) {
        ^
pfg_read.c: In function ‘ltermwalk’:
arith.h:4:22: warning: cast from pointer to integer of different size [-Wpointer-to-int-cast]
 #define Intcast (int)(long)
                      ^
pfg_read.c:2348:9: note: in expansion of macro ‘Intcast’
  switch(Intcast e->op) {
         ^
arith.h:4:22: warning: cast from pointer to integer of different size [-Wpointer-to-int-cast]
 #define Intcast (int)(long)
                      ^
pfg_read.c:2398:8: note: in expansion of macro ‘Intcast’
    if (Intcast en->op == f_OPNUM) {
        ^
arith.h:4:22: warning: cast from pointer to integer of different size [-Wpointer-to-int-cast]
 #define Intcast (int)(long)
                      ^
pfg_read.c:2416:8: note: in expansion of macro ‘Intcast’
    if (Intcast en->op == f_OPNUM) {
        ^
pfg_read.c: In function ‘getgroup’:
arith.h:4:22: warning: cast from pointer to integer of different size [-Wpointer-to-int-cast]
 #define Intcast (int)(long)
                      ^
pfg_read.c:2482:21: note: in expansion of macro ‘Intcast’
  for(e1 = e; optype[Intcast e1->op] == 1; e1 = e1->L.e)
                     ^
pfg_read.c: In function ‘ewalk’:
arith.h:4:22: warning: cast from pointer to integer of different size [-Wpointer-to-int-cast]
 #define Intcast (int)(long)
                      ^
pfg_read.c:2758:21: note: in expansion of macro ‘Intcast’
  switch(optypeb[k = Intcast e->op]) {
                     ^
arith.h:4:22: warning: cast from pointer to integer of different size [-Wpointer-to-int-cast]
 #define Intcast (int)(long)
                      ^
pfg_read.c:2794:10: note: in expansion of macro ‘Intcast’
     op = Intcast L->op;
          ^
arith.h:4:22: warning: cast from pointer to integer of different size [-Wpointer-to-int-cast]
 #define Intcast (int)(long)
                      ^
pfg_read.c:2854:9: note: in expansion of macro ‘Intcast’
    op = Intcast L->op;
         ^
arith.h:4:22: warning: cast from pointer to integer of different size [-Wpointer-to-int-cast]
 #define Intcast (int)(long)
                      ^
pfg_read.c:2869:9: note: in expansion of macro ‘Intcast’
    op = Intcast L->op;
         ^
arith.h:4:22: warning: cast from pointer to integer of different size [-Wpointer-to-int-cast]
 #define Intcast (int)(long)
                      ^
pfg_read.c:2906:10: note: in expansion of macro ‘Intcast’
     op = Intcast L->op;
          ^
arith.h:4:22: warning: cast from pointer to integer of different size [-Wpointer-to-int-cast]
 #define Intcast (int)(long)
                      ^
pfg_read.c:2960:10: note: in expansion of macro ‘Intcast’
     op = Intcast arg->op;
          ^
arith.h:4:22: warning: cast from pointer to integer of different size [-Wpointer-to-int-cast]
 #define Intcast (int)(long)
                      ^
pfg_read.c:3022:26: note: in expansion of macro ‘Intcast’
     arg->op = r_ops[op = Intcast arg->op];
                          ^
pfg_read.c: In function ‘comsubs’:
arith.h:4:22: warning: cast from pointer to integer of different size [-Wpointer-to-int-cast]
 #define Intcast (int)(long)
                      ^
pfg_read.c:3349:7: note: in expansion of macro ‘Intcast’
   if (Intcast d->e->op != f_OPVARVAL)
       ^
pfg_read.c: In function ‘cexp_walk’:
arith.h:4:22: warning: cast from pointer to integer of different size [-Wpointer-to-int-cast]
 #define Intcast (int)(long)
                      ^
pfg_read.c:3628:9: note: in expansion of macro ‘Intcast’
  switch(Intcast e->op) {
         ^
pfg_read.c: In function ‘adjust_compl_rhs’:
arith.h:4:22: warning: cast from pointer to integer of different size [-Wpointer-to-int-cast]
 #define Intcast (int)(long)
                      ^
pfg_read.c:3875:34: note: in expansion of macro ‘Intcast’
   if (Cvar[i] && (e = C[i].e) && Intcast e->op == f_OPNUM
                                  ^
pfg_read.c: In function ‘qwalk’:
arith.h:4:22: warning: cast from pointer to integer of different size [-Wpointer-to-int-cast]
 #define Intcast (int)(long)
                      ^
pfg_read.c:4061:20: note: in expansion of macro ‘Intcast’
  switch(optype[k = Intcast e->op]) {
                    ^
pfg_read.c: In function ‘co_walkloop’:
arith.h:4:22: warning: cast from pointer to integer of different size [-Wpointer-to-int-cast]
 #define Intcast (int)(long)
                      ^
pfg_read.c:4159:9: note: in expansion of macro ‘Intcast’
     if (Intcast g->g->op != f_OP2POW) {
         ^
printf.c:1:0: warning: -fPIC ignored for target (all code is position independent) [enabled by default]
 /****************************************************************
 ^
pshvprod.c:1:0: warning: -fPIC ignored for target (all code is position independent) [enabled by default]
 /*******************************************************************
 ^
punknown.c:1:0: warning: -fPIC ignored for target (all code is position independent) [enabled by default]
 /****************************************************************
 ^
qp_read.c:1:0: warning: -fPIC ignored for target (all code is position independent) [enabled by default]
 /****************************************************************
 ^
In file included from asl.h:22:0,
                 from nlp.h:23,
                 from qp_read.c:25:
qp_read.c: In function ‘ed1opwalk’:
arith.h:4:22: warning: cast from pointer to integer of different size [-Wpointer-to-int-cast]
 #define Intcast (int)(long)
                      ^
qp_read.c:69:6: note: in expansion of macro ‘Intcast’
  n = Intcast op;
      ^
qpcheck.c:1:0: warning: -fPIC ignored for target (all code is position independent) [enabled by default]
 /*******************************************************************
 ^
qpcheckZ.c:1:0: warning: -fPIC ignored for target (all code is position independent) [enabled by default]
 /*******************************************************************
 ^
qsortv.c:1:0: warning: -fPIC ignored for target (all code is position independent) [enabled by default]
 /****************************************************************
 ^
readsol.c:1:0: warning: -fPIC ignored for target (all code is position independent) [enabled by default]
 /*******************************************************************
 ^
repwhere.c:1:0: warning: -fPIC ignored for target (all code is position independent) [enabled by default]
 /* The following Lucent copyright notice applies to report_where()
 ^
rops.c:1:0: warning: -fPIC ignored for target (all code is position independent) [enabled by default]
 /*******************************************************************
 ^
rops2.c:1:0: warning: -fPIC ignored for target (all code is position independent) [enabled by default]
 /*******************************************************************
 ^
sigcatch.c:1:0: warning: -fPIC ignored for target (all code is position independent) [enabled by default]
 /****************************************************************
 ^
sos_add.c:1:0: warning: -fPIC ignored for target (all code is position independent) [enabled by default]
 /****************************************************************
 ^
sphes.c:1:0: warning: -fPIC ignored for target (all code is position independent) [enabled by default]
 /*******************************************************************
 ^
sscanf.c:1:0: warning: -fPIC ignored for target (all code is position independent) [enabled by default]
 /****************************************************************
 ^
stderr.c:1:0: warning: -fPIC ignored for target (all code is position independent) [enabled by default]
 /*******************************************************************
 ^
studchk0.c:1:0: warning: -fPIC ignored for target (all code is position independent) [enabled by default]
 /****************************************************************
 ^
suf_sos.c:1:0: warning: -fPIC ignored for target (all code is position independent) [enabled by default]
 /****************************************************************
 ^
value.c:1:0: warning: -fPIC ignored for target (all code is position independent) [enabled by default]
 /****************************************************************
 ^
In file included from asl.h:22:0,
                 from getstub.h:28,
                 from value.c:25:
value.c: In function ‘DA_val_ASL’:
arith.h:4:22: warning: cast from pointer to integer of different size [-Wpointer-to-int-cast]
 #define Intcast (int)(long)
                      ^
value.c:127:31: note: in expansion of macro ‘Intcast’
   (double *)((char*)oi->asl + Intcast kw->info));
                               ^
value.c: In function ‘DU_val_ASL’:
arith.h:4:22: warning: cast from pointer to integer of different size [-Wpointer-to-int-cast]
 #define Intcast (int)(long)
                      ^
value.c:148:53: note: in expansion of macro ‘Intcast’
  return Dval_ASL(oi, kw, value, (real*)(oi->uinfo + Intcast kw->info));
                                                     ^
value.c: In function ‘LU_val_ASL’:
arith.h:4:22: warning: cast from pointer to integer of different size [-Wpointer-to-int-cast]
 #define Intcast (int)(long)
                      ^
value.c:188:54: note: in expansion of macro ‘Intcast’
  return Lval_ASL(oi, kw, value, (Long *)(oi->uinfo + Intcast kw->info));
                                                      ^
value.c: In function ‘IA_val_ASL’:
arith.h:4:22: warning: cast from pointer to integer of different size [-Wpointer-to-int-cast]
 #define Intcast (int)(long)
                      ^
value.c:213:58: note: in expansion of macro ‘Intcast’
  return Ival_ASL(oi, kw, value, (int *)((char*)oi->asl + Intcast kw->info));
                                                          ^
value.c: In function ‘IU_val_ASL’:
arith.h:4:22: warning: cast from pointer to integer of different size [-Wpointer-to-int-cast]
 #define Intcast (int)(long)
                      ^
value.c:244:53: note: in expansion of macro ‘Intcast’
  return Ival_ASL(oi, kw, value, (int *)(oi->uinfo + Intcast kw->info));
                                                     ^
value.c: In function ‘SU_val_ASL’:
arith.h:4:22: warning: cast from pointer to integer of different size [-Wpointer-to-int-cast]
 #define Intcast (int)(long)
                      ^
value.c:263:35: note: in expansion of macro ‘Intcast’
  short *v = (short *)(oi->uinfo + Intcast kw->info);
                                   ^
writesol.c:1:0: warning: -fPIC ignored for target (all code is position independent) [enabled by default]
 /****************************************************************
 ^
wrtsol_.c:1:0: warning: -fPIC ignored for target (all code is position independent) [enabled by default]
 /****************************************************************
 ^
ws_desc.c:1:0: warning: -fPIC ignored for target (all code is position independent) [enabled by default]
  char
 ^
wsu_desc.c:1:0: warning: -fPIC ignored for target (all code is position independent) [enabled by default]
  char
 ^
x2check.c:1:0: warning: -fPIC ignored for target (all code is position independent) [enabled by default]
 /*******************************************************************
 ^
xectim.c:1:0: warning: -fPIC ignored for target (all code is position independent) [enabled by default]
 /****************************************************************
 ^
xp1known.c:1:0: warning: -fPIC ignored for target (all code is position independent) [enabled by default]
 /*******************************************************************
 ^
xp2known.c:1:0: warning: -fPIC ignored for target (all code is position independent) [enabled by default]
 /*******************************************************************
 ^
ar ruv amplsolver.a asldate.o atof.o auxinfo.o avltree.o b_search.o basename.o bscanf.o com2eval.o comeval.o con1ival.o con2ival.o con2val.o conadj.o conpval.o conscale.o conval.o degree.o derprop.o details.o dtoa1.o duthes.o dynlink.o f_read.o fg_read.o fg_write.o fgh_read.o fpecatch.o fpinitmt.o fullhes.o func_add.o funcadd1.o g_fmt.o genrowno.o getenv.o getstub.o htcl.o indic_cons.o jac0dim.o jac2dim.o jacdim.o jacinc.o jacinc1.o libnamsave.o mach.o mainexit.o mip_pri.o misc.o mpec_adj.o mqpcheckv.o mypow.o names.o nl_obj.o nqpcheck.o nqpcheckZ.o obj2val.o obj_adj.o obj_prec.o objconst.o objval.o objval_.o op_type.o pfg_read.o pfghread.o printf.o pshvprod.o punknown.o qp_read.o qpcheck.o qpcheckZ.o qsortv.o readsol.o repwhere.o rops.o rops2.o sigcatch.o sos_add.o sphes.o sscanf.o stderr.o studchk0.o suf_sos.o value.o writesol.o wrtsol_.o ws_desc.o wsu_desc.o x2check.o xectim.o xp1known.o xp2known.o
/opt/x86_64-w64-mingw32/bin/x86_64-w64-mingw32-ar: creating amplsolver.a
a - asldate.o
a - atof.o
a - auxinfo.o
a - avltree.o
a - b_search.o
a - basename.o
a - bscanf.o
a - com2eval.o
a - comeval.o
a - con1ival.o
a - con2ival.o
a - con2val.o
a - conadj.o
a - conpval.o
a - conscale.o
a - conval.o
a - degree.o
a - derprop.o
a - details.o
a - dtoa1.o
a - duthes.o
a - dynlink.o
a - f_read.o
a - fg_read.o
a - fg_write.o
a - fgh_read.o
a - fpecatch.o
a - fpinitmt.o
a - fullhes.o
a - func_add.o
a - funcadd1.o
a - g_fmt.o
a - genrowno.o
a - getenv.o
a - getstub.o
a - htcl.o
a - indic_cons.o
a - jac0dim.o
a - jac2dim.o
a - jacdim.o
a - jacinc.o
a - jacinc1.o
a - libnamsave.o
a - mach.o
a - mainexit.o
a - mip_pri.o
a - misc.o
a - mpec_adj.o
a - mqpcheckv.o
a - mypow.o
a - names.o
a - nl_obj.o
a - nqpcheck.o
a - nqpcheckZ.o
a - obj2val.o
a - obj_adj.o
a - obj_prec.o
a - objconst.o
a - objval.o
a - objval_.o
a - op_type.o
a - pfg_read.o
a - pfghread.o
a - printf.o
a - pshvprod.o
a - punknown.o
a - qp_read.o
a - qpcheck.o
a - qpcheckZ.o
a - qsortv.o
a - readsol.o
a - repwhere.o
a - rops.o
a - rops2.o
a - sigcatch.o
a - sos_add.o
a - sphes.o
a - sscanf.o
a - stderr.o
a - studchk0.o
a - suf_sos.o
a - value.o
a - writesol.o
a - wrtsol_.o
a - ws_desc.o
a - wsu_desc.o
a - x2check.o
a - xectim.o
a - xp1known.o
a - xp2known.o
ranlib amplsolver.a || true
cc -c -O -fPIC  funcadd0.c
funcadd0.c:1:0: warning: -fPIC ignored for target (all code is position independent) [enabled by default]
 /****************************************************************
 ^
 ---> c++ -fPIC -shared -I$WORKSPACE/srcdir/asl-extra -I. $WORKSPACE/srcdir/asl-extra/aslinterface.cc -Wl,${all_load} amplsolver.a -Wl,${noall_load} -o libasl.${dlext}
/workspace/srcdir/asl-extra/aslinterface.cc:1:0: warning: -fPIC ignored for target (all code is position independent) [enabled by default]
 // ===============================================================
 ^
 ---> mv libasl.${dlext} ${libdir}
 ---> cp *.h ${incdir}
 ---> install_license LICENSE.txt
Installing license file "LICENSE.txt" to "/workspace/destdir/share/licenses/ASL/LICENSE.txt"...
 ---> source "$_script"
Child Process exited, exit code 0
