BinaryBuilder.jl version: 0.2.4-tree-585c625152

`/bin/bash -l -c 'set -x
cc --version
c++ --version
gcc --version
g++ --version
clang --version
clang++ --version
objc --version
f77 --version
gfortran --version
ld -v
'`
x86_64-w64-mingw32-gcc (GCC) 4.8.5
Copyright (C) 2015 Free Software Foundation, Inc.
This is free software; see the source for copying conditions.  There is NO
warranty; not even for MERCHANTABILITY or FITNESS FOR A PARTICULAR PURPOSE.

x86_64-w64-mingw32-g++ (GCC) 4.8.5
Copyright (C) 2015 Free Software Foundation, Inc.
This is free software; see the source for copying conditions.  There is NO
warranty; not even for MERCHANTABILITY or FITNESS FOR A PARTICULAR PURPOSE.

x86_64-w64-mingw32-gcc (GCC) 4.8.5
Copyright (C) 2015 Free Software Foundation, Inc.
This is free software; see the source for copying conditions.  There is NO
warranty; not even for MERCHANTABILITY or FITNESS FOR A PARTICULAR PURPOSE.

x86_64-w64-mingw32-g++ (GCC) 4.8.5
Copyright (C) 2015 Free Software Foundation, Inc.
This is free software; see the source for copying conditions.  There is NO
warranty; not even for MERCHANTABILITY or FITNESS FOR A PARTICULAR PURPOSE.

verbose sandbox enabled (running in privileged container mode)
Parsed --rootfs as "/depot/artifacts/1f1eff795e9e8a2f8a3929de9f902123749a9b6b"
Parsed --cd as "/workspace/srcdir"
Parsed --workspace as "/agent/_work/1/s/E/EarCut/build/x86_64-w64-mingw32/LRpKiUxv" -> "/workspace"
Parsed --workspace as "/agent/_work/1/s/E/EarCut/build/x86_64-w64-mingw32/LRpKiUxv/metadir" -> "/meta"
Parsed --workspace as "/tmp/jl_qvMUfV" -> "/opt/bin"
Parsed --workspace as "/depot/ccache" -> "/root/.ccache"
Parsed --map as "/depot/artifacts/38b192b1c0ce5975001efbe447cc3103d3adb518" -> "/opt/x86_64-w64-mingw32/PlatformSupport-2020.2.7"
Parsed --map as "/depot/artifacts/70945a06a67cd2993da453bfb8db7848b6bc1bc4" -> "/opt/x86_64-w64-mingw32/GCCBootstrap-4.8.5"
Parsed --map as "/depot/artifacts/35dc5ddb1b3037f449fee5771b6c12ebcc4350b8" -> "/opt/x86_64-linux-musl/LLVMBootstrap-9.0.1"
Parsed --map as "/depot/artifacts/1a9bb425a2d8d6e56e4b68078e9d74e228daad18" -> "/opt/x86_64-linux-musl/PlatformSupport-2020.2.7"
Parsed --map as "/depot/artifacts/2e6f62648ec0497cc25774aa175471ad41b6172a" -> "/opt/x86_64-linux-musl/GCCBootstrap-4.8.5"
--> Creating overlay workdir at /proc
--> Mounting overlay of /depot/artifacts/1f1eff795e9e8a2f8a3929de9f902123749a9b6b at /depot/artifacts/1f1eff795e9e8a2f8a3929de9f902123749a9b6b (modifications in /proc/upper/rootfs, workspace in /proc/work/rootfs)
--> mapping /depot/artifacts/2e6f62648ec0497cc25774aa175471ad41b6172a to /depot/artifacts/1f1eff795e9e8a2f8a3929de9f902123749a9b6b/opt/x86_64-linux-musl/GCCBootstrap-4.8.5
--> mapping /depot/artifacts/1a9bb425a2d8d6e56e4b68078e9d74e228daad18 to /depot/artifacts/1f1eff795e9e8a2f8a3929de9f902123749a9b6b/opt/x86_64-linux-musl/PlatformSupport-2020.2.7
--> mapping /depot/artifacts/35dc5ddb1b3037f449fee5771b6c12ebcc4350b8 to /depot/artifacts/1f1eff795e9e8a2f8a3929de9f902123749a9b6b/opt/x86_64-linux-musl/LLVMBootstrap-9.0.1
--> mapping /depot/artifacts/70945a06a67cd2993da453bfb8db7848b6bc1bc4 to /depot/artifacts/1f1eff795e9e8a2f8a3929de9f902123749a9b6b/opt/x86_64-w64-mingw32/GCCBootstrap-4.8.5
--> mapping /depot/artifacts/38b192b1c0ce5975001efbe447cc3103d3adb518 to /depot/artifacts/1f1eff795e9e8a2f8a3929de9f902123749a9b6b/opt/x86_64-w64-mingw32/PlatformSupport-2020.2.7
--> Mounting overlay of /depot/artifacts/1f1eff795e9e8a2f8a3929de9f902123749a9b6b/opt/x86_64-w64-mingw32/PlatformSupport-2020.2.7:/depot/artifacts/1f1eff795e9e8a2f8a3929de9f902123749a9b6b/opt/x86_64-w64-mingw32/GCCBootstrap-4.8.5 at /depot/artifacts/1f1eff795e9e8a2f8a3929de9f902123749a9b6b/opt/x86_64-w64-mingw32 (modifications in /proc/upper/x86_64-w64-mingw32, workspace in /proc/work/x86_64-w64-mingw32)
--> Mounting overlay of /depot/artifacts/1f1eff795e9e8a2f8a3929de9f902123749a9b6b/opt/x86_64-linux-musl/LLVMBootstrap-9.0.1:/depot/artifacts/1f1eff795e9e8a2f8a3929de9f902123749a9b6b/opt/x86_64-linux-musl/PlatformSupport-2020.2.7:/depot/artifacts/1f1eff795e9e8a2f8a3929de9f902123749a9b6b/opt/x86_64-linux-musl/GCCBootstrap-4.8.5 at /depot/artifacts/1f1eff795e9e8a2f8a3929de9f902123749a9b6b/opt/x86_64-linux-musl (modifications in /proc/upper/x86_64-linux-musl, workspace in /proc/work/x86_64-linux-musl)
--> Mounting procfs at /depot/artifacts/1f1eff795e9e8a2f8a3929de9f902123749a9b6b/proc
--> Mounting /dev/null at /depot/artifacts/1f1eff795e9e8a2f8a3929de9f902123749a9b6b/dev/null
--> Mounting /dev/tty at /depot/artifacts/1f1eff795e9e8a2f8a3929de9f902123749a9b6b/dev/tty
--> Mounting /dev/urandom at /depot/artifacts/1f1eff795e9e8a2f8a3929de9f902123749a9b6b/dev/urandom
--> workspacing /depot/ccache to /depot/artifacts/1f1eff795e9e8a2f8a3929de9f902123749a9b6b/root/.ccache
--> workspacing /tmp/jl_qvMUfV to /depot/artifacts/1f1eff795e9e8a2f8a3929de9f902123749a9b6b/opt/bin
--> workspacing /agent/_work/1/s/E/EarCut/build/x86_64-w64-mingw32/LRpKiUxv/metadir to /depot/artifacts/1f1eff795e9e8a2f8a3929de9f902123749a9b6b/meta
--> workspacing /agent/_work/1/s/E/EarCut/build/x86_64-w64-mingw32/LRpKiUxv to /depot/artifacts/1f1eff795e9e8a2f8a3929de9f902123749a9b6b/workspace
--> Mounting procfs at /proc
Child Process PID is 5824
--> Mapping 0:0 to root:root within container namespace
--> Mounting procfs at /depot/artifacts/1f1eff795e9e8a2f8a3929de9f902123749a9b6b/proc
About to run `/bin/bash` `-l` `-c` `set -x
cc --version
c++ --version
gcc --version
g++ --version
clang --version
clang++ --version
objc --version
f77 --version
gfortran --version
ld -v
` 
+ cc --version
+ c++ --version
+ gcc --version
+ g++ --version
+ clang --version
clang version 9.0.1 (/home/staticfloat/.julia/dev/BinaryBuilder/deps/downloads/llvm-project.git c1a0a213378a458fbea1a5c77b315c7dce08fd05)
Target: x86_64-w64-windows-gnu
Thread model: posix
InstalledDir: /opt/x86_64-linux-musl/bin
+ clang++ --version
clang version 9.0.1 (/home/staticfloat/.julia/dev/BinaryBuilder/deps/downloads/llvm-project.git c1a0a213378a458fbea1a5c77b315c7dce08fd05)
Target: x86_64-w64-windows-gnu
Thread model: posix
InstalledDir: /opt/x86_64-linux-musl/bin
+ objc --version
clang version 9.0.1 (/home/staticfloat/.julia/dev/BinaryBuilder/deps/downloads/llvm-project.git c1a0a213378a458fbea1a5c77b315c7dce08fd05)
Target: x86_64-w64-windows-gnu
Thread model: posix
InstalledDir: /opt/x86_64-linux-musl/bin
+ f77 --version
GNU Fortran (GCC) 4.8.5
Copyright (C) 2015 Free Software Foundation, Inc.

GNU Fortran comes with NO WARRANTY, to the extent permitted by law.
You may redistribute copies of GNU Fortran
under the terms of the GNU General Public License.
For more information about these matters, see the file named COPYING

+ gfortran --version
GNU Fortran (GCC) 4.8.5
Copyright (C) 2015 Free Software Foundation, Inc.

GNU Fortran comes with NO WARRANTY, to the extent permitted by law.
You may redistribute copies of GNU Fortran
under the terms of the GNU General Public License.
For more information about these matters, see the file named COPYING

+ ld -v
GNU ld (GNU Binutils) 2.24
Child Process exited, exit code 0
`/bin/bash -l -c "# Stop if we hit any errors.
set -e

# If we're running as \`bash\`, then use the \`DEBUG\` and \`ERR\` traps
if [ \$(basename \$0) = \"bash\" ]; then
    trap \"trap - DEBUG INT TERM ERR EXIT; \
          set +e +x; \
          auto_install_license; \
          save_env\" \
        EXIT

    trap \"RET=\\$?; \
          trap - DEBUG INT TERM ERR EXIT; \
          set +e +x; \
          echo Previous command \\$! exited with \\$RET >&2; \
          save_env; \
          exit \\$RET\" \
        INT TERM ERR

    # Start saving everything into our history
    trap save_history DEBUG
else
    # If we're running in \`sh\` or something like that, we need a
    # slightly slimmer set of traps. :(
    trap \"RET=\\$?; \
          echo Previous command exited with \\$RET >&2; \
          set +e +x; \
          save_env; \
          exit \\$RET\" \
        EXIT INT TERM
fi

cd \$WORKSPACE/srcdir/EarCutBuilder/
mkdir \"\${libdir}\"
\${CXX} -std=c++11 -fPIC -shared -o \"\${libdir}/libearcut.\${dlext}\" cwrapper.cpp

"`
verbose sandbox enabled (running in privileged container mode)
Parsed --rootfs as "/depot/artifacts/1f1eff795e9e8a2f8a3929de9f902123749a9b6b"
Parsed --cd as "/workspace/srcdir"
Parsed --workspace as "/agent/_work/1/s/E/EarCut/build/x86_64-w64-mingw32/LRpKiUxv" -> "/workspace"
Parsed --workspace as "/agent/_work/1/s/E/EarCut/build/x86_64-w64-mingw32/LRpKiUxv/metadir" -> "/meta"
Parsed --workspace as "/tmp/jl_qvMUfV" -> "/opt/bin"
Parsed --workspace as "/depot/ccache" -> "/root/.ccache"
Parsed --map as "/depot/artifacts/38b192b1c0ce5975001efbe447cc3103d3adb518" -> "/opt/x86_64-w64-mingw32/PlatformSupport-2020.2.7"
Parsed --map as "/depot/artifacts/70945a06a67cd2993da453bfb8db7848b6bc1bc4" -> "/opt/x86_64-w64-mingw32/GCCBootstrap-4.8.5"
Parsed --map as "/depot/artifacts/35dc5ddb1b3037f449fee5771b6c12ebcc4350b8" -> "/opt/x86_64-linux-musl/LLVMBootstrap-9.0.1"
Parsed --map as "/depot/artifacts/1a9bb425a2d8d6e56e4b68078e9d74e228daad18" -> "/opt/x86_64-linux-musl/PlatformSupport-2020.2.7"
Parsed --map as "/depot/artifacts/2e6f62648ec0497cc25774aa175471ad41b6172a" -> "/opt/x86_64-linux-musl/GCCBootstrap-4.8.5"
--> Creating overlay workdir at /proc
--> Mounting overlay of /depot/artifacts/1f1eff795e9e8a2f8a3929de9f902123749a9b6b at /depot/artifacts/1f1eff795e9e8a2f8a3929de9f902123749a9b6b (modifications in /proc/upper/rootfs, workspace in /proc/work/rootfs)
--> mapping /depot/artifacts/2e6f62648ec0497cc25774aa175471ad41b6172a to /depot/artifacts/1f1eff795e9e8a2f8a3929de9f902123749a9b6b/opt/x86_64-linux-musl/GCCBootstrap-4.8.5
--> mapping /depot/artifacts/1a9bb425a2d8d6e56e4b68078e9d74e228daad18 to /depot/artifacts/1f1eff795e9e8a2f8a3929de9f902123749a9b6b/opt/x86_64-linux-musl/PlatformSupport-2020.2.7
--> mapping /depot/artifacts/35dc5ddb1b3037f449fee5771b6c12ebcc4350b8 to /depot/artifacts/1f1eff795e9e8a2f8a3929de9f902123749a9b6b/opt/x86_64-linux-musl/LLVMBootstrap-9.0.1
--> mapping /depot/artifacts/70945a06a67cd2993da453bfb8db7848b6bc1bc4 to /depot/artifacts/1f1eff795e9e8a2f8a3929de9f902123749a9b6b/opt/x86_64-w64-mingw32/GCCBootstrap-4.8.5
--> mapping /depot/artifacts/38b192b1c0ce5975001efbe447cc3103d3adb518 to /depot/artifacts/1f1eff795e9e8a2f8a3929de9f902123749a9b6b/opt/x86_64-w64-mingw32/PlatformSupport-2020.2.7
--> Mounting overlay of /depot/artifacts/1f1eff795e9e8a2f8a3929de9f902123749a9b6b/opt/x86_64-w64-mingw32/PlatformSupport-2020.2.7:/depot/artifacts/1f1eff795e9e8a2f8a3929de9f902123749a9b6b/opt/x86_64-w64-mingw32/GCCBootstrap-4.8.5 at /depot/artifacts/1f1eff795e9e8a2f8a3929de9f902123749a9b6b/opt/x86_64-w64-mingw32 (modifications in /proc/upper/x86_64-w64-mingw32, workspace in /proc/work/x86_64-w64-mingw32)
--> Mounting overlay of /depot/artifacts/1f1eff795e9e8a2f8a3929de9f902123749a9b6b/opt/x86_64-linux-musl/LLVMBootstrap-9.0.1:/depot/artifacts/1f1eff795e9e8a2f8a3929de9f902123749a9b6b/opt/x86_64-linux-musl/PlatformSupport-2020.2.7:/depot/artifacts/1f1eff795e9e8a2f8a3929de9f902123749a9b6b/opt/x86_64-linux-musl/GCCBootstrap-4.8.5 at /depot/artifacts/1f1eff795e9e8a2f8a3929de9f902123749a9b6b/opt/x86_64-linux-musl (modifications in /proc/upper/x86_64-linux-musl, workspace in /proc/work/x86_64-linux-musl)
--> Mounting procfs at /depot/artifacts/1f1eff795e9e8a2f8a3929de9f902123749a9b6b/proc
--> Mounting /dev/null at /depot/artifacts/1f1eff795e9e8a2f8a3929de9f902123749a9b6b/dev/null
--> Mounting /dev/tty at /depot/artifacts/1f1eff795e9e8a2f8a3929de9f902123749a9b6b/dev/tty
--> Mounting /dev/urandom at /depot/artifacts/1f1eff795e9e8a2f8a3929de9f902123749a9b6b/dev/urandom
--> workspacing /depot/ccache to /depot/artifacts/1f1eff795e9e8a2f8a3929de9f902123749a9b6b/root/.ccache
--> workspacing /tmp/jl_qvMUfV to /depot/artifacts/1f1eff795e9e8a2f8a3929de9f902123749a9b6b/opt/bin
--> workspacing /agent/_work/1/s/E/EarCut/build/x86_64-w64-mingw32/LRpKiUxv/metadir to /depot/artifacts/1f1eff795e9e8a2f8a3929de9f902123749a9b6b/meta
--> workspacing /agent/_work/1/s/E/EarCut/build/x86_64-w64-mingw32/LRpKiUxv to /depot/artifacts/1f1eff795e9e8a2f8a3929de9f902123749a9b6b/workspace
--> Mounting procfs at /proc
Child Process PID is 5884
--> Mapping 0:0 to root:root within container namespace
--> Mounting procfs at /depot/artifacts/1f1eff795e9e8a2f8a3929de9f902123749a9b6b/proc
About to run `/bin/bash` `-l` `-c` `# Stop if we hit any errors.
set -e

# If we're running as `bash`, then use the `DEBUG` and `ERR` traps
if [ $(basename $0) = "bash" ]; then
    trap "trap - DEBUG INT TERM ERR EXIT; \
          set +e +x; \
          auto_install_license; \
          save_env" \
        EXIT

    trap "RET=\$?; \
          trap - DEBUG INT TERM ERR EXIT; \
          set +e +x; \
          echo Previous command \$! exited with \$RET >&2; \
          save_env; \
          exit \$RET" \
        INT TERM ERR

    # Start saving everything into our history
    trap save_history DEBUG
else
    # If we're running in `sh` or something like that, we need a
    # slightly slimmer set of traps. :(
    trap "RET=\$?; \
          echo Previous command exited with \$RET >&2; \
          set +e +x; \
          save_env; \
          exit \$RET" \
        EXIT INT TERM
fi

cd $WORKSPACE/srcdir/EarCutBuilder/
mkdir "${libdir}"
${CXX} -std=c++11 -fPIC -shared -o "${libdir}/libearcut.${dlext}" cwrapper.cpp

` 
 ---> cd $WORKSPACE/srcdir/EarCutBuilder/
 ---> mkdir "${libdir}"
 ---> ${CXX} -std=c++11 -fPIC -shared -o "${libdir}/libearcut.${dlext}" cwrapper.cpp
cwrapper.cpp:1:0: warning: -fPIC ignored for target (all code is position independent) [enabled by default]
 #include "earcut.hpp"
 ^
 ---> source "$_script"
Installing license file "/workspace/srcdir/EarCutBuilder/LICENSE" to "/workspace/destdir/share/licenses/EarCut/LICENSE"...
Installing license file "/workspace/srcdir/EarCutBuilder/LICENSE.md" to "/workspace/destdir/share/licenses/EarCut/LICENSE.md"...
Child Process exited, exit code 0
