BinaryBuilder.jl version: 0.2.4-tree-e953eddbb5

`/bin/bash -l -c 'set -x
cc --version
c++ --version
gcc --version
g++ --version
clang --version
clang++ --version
objc --version
f77 --version
gfortran --version
ld -v
'`
x86_64-w64-mingw32-gcc (GCC) 4.8.5
Copyright (C) 2015 Free Software Foundation, Inc.
This is free software; see the source for copying conditions.  There is NO
warranty; not even for MERCHANTABILITY or FITNESS FOR A PARTICULAR PURPOSE.

x86_64-w64-mingw32-g++ (GCC) 4.8.5
Copyright (C) 2015 Free Software Foundation, Inc.
This is free software; see the source for copying conditions.  There is NO
warranty; not even for MERCHANTABILITY or FITNESS FOR A PARTICULAR PURPOSE.

x86_64-w64-mingw32-gcc (GCC) 4.8.5
Copyright (C) 2015 Free Software Foundation, Inc.
This is free software; see the source for copying conditions.  There is NO
warranty; not even for MERCHANTABILITY or FITNESS FOR A PARTICULAR PURPOSE.

x86_64-w64-mingw32-g++ (GCC) 4.8.5
Copyright (C) 2015 Free Software Foundation, Inc.
This is free software; see the source for copying conditions.  There is NO
warranty; not even for MERCHANTABILITY or FITNESS FOR A PARTICULAR PURPOSE.

verbose sandbox enabled (running in privileged container mode)
Parsed --rootfs as "/depot/artifacts/1f1eff795e9e8a2f8a3929de9f902123749a9b6b"
Parsed --cd as "/workspace/srcdir"
Parsed --workspace as "/agent/_work/1/s/O/Ogg/build/x86_64-w64-mingw32/yFLfJsXS" -> "/workspace"
Parsed --workspace as "/agent/_work/1/s/O/Ogg/build/x86_64-w64-mingw32/yFLfJsXS/metadir" -> "/meta"
Parsed --workspace as "/tmp/jl_GfCQez" -> "/opt/bin"
Parsed --workspace as "/depot/ccache" -> "/root/.ccache"
Parsed --map as "/depot/artifacts/38b192b1c0ce5975001efbe447cc3103d3adb518" -> "/opt/x86_64-w64-mingw32/PlatformSupport-2020.2.7"
Parsed --map as "/depot/artifacts/70945a06a67cd2993da453bfb8db7848b6bc1bc4" -> "/opt/x86_64-w64-mingw32/GCCBootstrap-4.8.5"
Parsed --map as "/depot/artifacts/35dc5ddb1b3037f449fee5771b6c12ebcc4350b8" -> "/opt/x86_64-linux-musl/LLVMBootstrap-9.0.1"
Parsed --map as "/depot/artifacts/1a9bb425a2d8d6e56e4b68078e9d74e228daad18" -> "/opt/x86_64-linux-musl/PlatformSupport-2020.2.7"
Parsed --map as "/depot/artifacts/2e6f62648ec0497cc25774aa175471ad41b6172a" -> "/opt/x86_64-linux-musl/GCCBootstrap-4.8.5"
--> Creating overlay workdir at /proc
--> Mounting overlay of /depot/artifacts/1f1eff795e9e8a2f8a3929de9f902123749a9b6b at /depot/artifacts/1f1eff795e9e8a2f8a3929de9f902123749a9b6b (modifications in /proc/upper/rootfs, workspace in /proc/work/rootfs)
--> mapping /depot/artifacts/2e6f62648ec0497cc25774aa175471ad41b6172a to /depot/artifacts/1f1eff795e9e8a2f8a3929de9f902123749a9b6b/opt/x86_64-linux-musl/GCCBootstrap-4.8.5
--> mapping /depot/artifacts/1a9bb425a2d8d6e56e4b68078e9d74e228daad18 to /depot/artifacts/1f1eff795e9e8a2f8a3929de9f902123749a9b6b/opt/x86_64-linux-musl/PlatformSupport-2020.2.7
--> mapping /depot/artifacts/35dc5ddb1b3037f449fee5771b6c12ebcc4350b8 to /depot/artifacts/1f1eff795e9e8a2f8a3929de9f902123749a9b6b/opt/x86_64-linux-musl/LLVMBootstrap-9.0.1
--> mapping /depot/artifacts/70945a06a67cd2993da453bfb8db7848b6bc1bc4 to /depot/artifacts/1f1eff795e9e8a2f8a3929de9f902123749a9b6b/opt/x86_64-w64-mingw32/GCCBootstrap-4.8.5
--> mapping /depot/artifacts/38b192b1c0ce5975001efbe447cc3103d3adb518 to /depot/artifacts/1f1eff795e9e8a2f8a3929de9f902123749a9b6b/opt/x86_64-w64-mingw32/PlatformSupport-2020.2.7
--> Mounting overlay of /depot/artifacts/1f1eff795e9e8a2f8a3929de9f902123749a9b6b/opt/x86_64-w64-mingw32/PlatformSupport-2020.2.7:/depot/artifacts/1f1eff795e9e8a2f8a3929de9f902123749a9b6b/opt/x86_64-w64-mingw32/GCCBootstrap-4.8.5 at /depot/artifacts/1f1eff795e9e8a2f8a3929de9f902123749a9b6b/opt/x86_64-w64-mingw32 (modifications in /proc/upper/x86_64-w64-mingw32, workspace in /proc/work/x86_64-w64-mingw32)
--> Mounting overlay of /depot/artifacts/1f1eff795e9e8a2f8a3929de9f902123749a9b6b/opt/x86_64-linux-musl/LLVMBootstrap-9.0.1:/depot/artifacts/1f1eff795e9e8a2f8a3929de9f902123749a9b6b/opt/x86_64-linux-musl/PlatformSupport-2020.2.7:/depot/artifacts/1f1eff795e9e8a2f8a3929de9f902123749a9b6b/opt/x86_64-linux-musl/GCCBootstrap-4.8.5 at /depot/artifacts/1f1eff795e9e8a2f8a3929de9f902123749a9b6b/opt/x86_64-linux-musl (modifications in /proc/upper/x86_64-linux-musl, workspace in /proc/work/x86_64-linux-musl)
--> Mounting procfs at /depot/artifacts/1f1eff795e9e8a2f8a3929de9f902123749a9b6b/proc
--> Mounting /dev/null at /depot/artifacts/1f1eff795e9e8a2f8a3929de9f902123749a9b6b/dev/null
--> Mounting /dev/tty at /depot/artifacts/1f1eff795e9e8a2f8a3929de9f902123749a9b6b/dev/tty
--> Mounting /dev/urandom at /depot/artifacts/1f1eff795e9e8a2f8a3929de9f902123749a9b6b/dev/urandom
--> workspacing /depot/ccache to /depot/artifacts/1f1eff795e9e8a2f8a3929de9f902123749a9b6b/root/.ccache
--> workspacing /tmp/jl_GfCQez to /depot/artifacts/1f1eff795e9e8a2f8a3929de9f902123749a9b6b/opt/bin
--> workspacing /agent/_work/1/s/O/Ogg/build/x86_64-w64-mingw32/yFLfJsXS/metadir to /depot/artifacts/1f1eff795e9e8a2f8a3929de9f902123749a9b6b/meta
--> workspacing /agent/_work/1/s/O/Ogg/build/x86_64-w64-mingw32/yFLfJsXS to /depot/artifacts/1f1eff795e9e8a2f8a3929de9f902123749a9b6b/workspace
--> Mounting procfs at /proc
Child Process PID is 20710
--> Mapping 0:0 to root:root within container namespace
--> Mounting procfs at /depot/artifacts/1f1eff795e9e8a2f8a3929de9f902123749a9b6b/proc
About to run `/bin/bash` `-l` `-c` `set -x
cc --version
c++ --version
gcc --version
g++ --version
clang --version
clang++ --version
objc --version
f77 --version
gfortran --version
ld -v
` 
+ cc --version
+ c++ --version
+ gcc --version
+ g++ --version
+ clang --version
clang version 9.0.1 (/home/staticfloat/.julia/dev/BinaryBuilder/deps/downloads/llvm-project.git c1a0a213378a458fbea1a5c77b315c7dce08fd05)
Target: x86_64-w64-windows-gnu
Thread model: posix
InstalledDir: /opt/x86_64-linux-musl/bin
+ clang++ --version
clang version 9.0.1 (/home/staticfloat/.julia/dev/BinaryBuilder/deps/downloads/llvm-project.git c1a0a213378a458fbea1a5c77b315c7dce08fd05)
Target: x86_64-w64-windows-gnu
Thread model: posix
InstalledDir: /opt/x86_64-linux-musl/bin
+ objc --version
clang version 9.0.1 (/home/staticfloat/.julia/dev/BinaryBuilder/deps/downloads/llvm-project.git c1a0a213378a458fbea1a5c77b315c7dce08fd05)
Target: x86_64-w64-windows-gnu
Thread model: posix
InstalledDir: /opt/x86_64-linux-musl/bin
+ f77 --version
GNU Fortran (GCC) 4.8.5
Copyright (C) 2015 Free Software Foundation, Inc.

GNU Fortran comes with NO WARRANTY, to the extent permitted by law.
You may redistribute copies of GNU Fortran
under the terms of the GNU General Public License.
For more information about these matters, see the file named COPYING

+ gfortran --version
GNU Fortran (GCC) 4.8.5
Copyright (C) 2015 Free Software Foundation, Inc.

GNU Fortran comes with NO WARRANTY, to the extent permitted by law.
You may redistribute copies of GNU Fortran
under the terms of the GNU General Public License.
For more information about these matters, see the file named COPYING

+ ld -v
GNU ld (GNU Binutils) 2.24
Child Process exited, exit code 0
`/bin/bash -l -c "# Stop if we hit any errors.
set -e

# If we're running as \`bash\`, then use the \`DEBUG\` and \`ERR\` traps
if [ \$(basename \$0) = \"bash\" ]; then
    trap \"trap - DEBUG INT TERM ERR EXIT; \
          set +e +x; \
          auto_install_license; \
          save_env\" \
        EXIT

    trap \"RET=\\$?; \
          trap - DEBUG INT TERM ERR EXIT; \
          set +e +x; \
          echo Previous command \\$! exited with \\$RET >&2; \
          save_env; \
          exit \\$RET\" \
        INT TERM ERR

    # Start saving everything into our history
    trap save_history DEBUG
else
    # If we're running in \`sh\` or something like that, we need a
    # slightly slimmer set of traps. :(
    trap \"RET=\\$?; \
          echo Previous command exited with \\$RET >&2; \
          set +e +x; \
          save_env; \
          exit \\$RET\" \
        EXIT INT TERM
fi

cd \$WORKSPACE/srcdir/libogg-*/

# Don't let \`configure\` use \`-ffast-math\` ANYWHERE
sed -i.bak -e 's/-ffast-math//g' ./configure
./configure --prefix=\$prefix --host=\${target} --build=\${MACHTYPE}
make -j\${nproc}
make install

"`
verbose sandbox enabled (running in privileged container mode)
Parsed --rootfs as "/depot/artifacts/1f1eff795e9e8a2f8a3929de9f902123749a9b6b"
Parsed --cd as "/workspace/srcdir"
Parsed --workspace as "/agent/_work/1/s/O/Ogg/build/x86_64-w64-mingw32/yFLfJsXS" -> "/workspace"
Parsed --workspace as "/agent/_work/1/s/O/Ogg/build/x86_64-w64-mingw32/yFLfJsXS/metadir" -> "/meta"
Parsed --workspace as "/tmp/jl_GfCQez" -> "/opt/bin"
Parsed --workspace as "/depot/ccache" -> "/root/.ccache"
Parsed --map as "/depot/artifacts/38b192b1c0ce5975001efbe447cc3103d3adb518" -> "/opt/x86_64-w64-mingw32/PlatformSupport-2020.2.7"
Parsed --map as "/depot/artifacts/70945a06a67cd2993da453bfb8db7848b6bc1bc4" -> "/opt/x86_64-w64-mingw32/GCCBootstrap-4.8.5"
Parsed --map as "/depot/artifacts/35dc5ddb1b3037f449fee5771b6c12ebcc4350b8" -> "/opt/x86_64-linux-musl/LLVMBootstrap-9.0.1"
Parsed --map as "/depot/artifacts/1a9bb425a2d8d6e56e4b68078e9d74e228daad18" -> "/opt/x86_64-linux-musl/PlatformSupport-2020.2.7"
Parsed --map as "/depot/artifacts/2e6f62648ec0497cc25774aa175471ad41b6172a" -> "/opt/x86_64-linux-musl/GCCBootstrap-4.8.5"
--> Creating overlay workdir at /proc
--> Mounting overlay of /depot/artifacts/1f1eff795e9e8a2f8a3929de9f902123749a9b6b at /depot/artifacts/1f1eff795e9e8a2f8a3929de9f902123749a9b6b (modifications in /proc/upper/rootfs, workspace in /proc/work/rootfs)
--> mapping /depot/artifacts/2e6f62648ec0497cc25774aa175471ad41b6172a to /depot/artifacts/1f1eff795e9e8a2f8a3929de9f902123749a9b6b/opt/x86_64-linux-musl/GCCBootstrap-4.8.5
--> mapping /depot/artifacts/1a9bb425a2d8d6e56e4b68078e9d74e228daad18 to /depot/artifacts/1f1eff795e9e8a2f8a3929de9f902123749a9b6b/opt/x86_64-linux-musl/PlatformSupport-2020.2.7
--> mapping /depot/artifacts/35dc5ddb1b3037f449fee5771b6c12ebcc4350b8 to /depot/artifacts/1f1eff795e9e8a2f8a3929de9f902123749a9b6b/opt/x86_64-linux-musl/LLVMBootstrap-9.0.1
--> mapping /depot/artifacts/70945a06a67cd2993da453bfb8db7848b6bc1bc4 to /depot/artifacts/1f1eff795e9e8a2f8a3929de9f902123749a9b6b/opt/x86_64-w64-mingw32/GCCBootstrap-4.8.5
--> mapping /depot/artifacts/38b192b1c0ce5975001efbe447cc3103d3adb518 to /depot/artifacts/1f1eff795e9e8a2f8a3929de9f902123749a9b6b/opt/x86_64-w64-mingw32/PlatformSupport-2020.2.7
--> Mounting overlay of /depot/artifacts/1f1eff795e9e8a2f8a3929de9f902123749a9b6b/opt/x86_64-w64-mingw32/PlatformSupport-2020.2.7:/depot/artifacts/1f1eff795e9e8a2f8a3929de9f902123749a9b6b/opt/x86_64-w64-mingw32/GCCBootstrap-4.8.5 at /depot/artifacts/1f1eff795e9e8a2f8a3929de9f902123749a9b6b/opt/x86_64-w64-mingw32 (modifications in /proc/upper/x86_64-w64-mingw32, workspace in /proc/work/x86_64-w64-mingw32)
--> Mounting overlay of /depot/artifacts/1f1eff795e9e8a2f8a3929de9f902123749a9b6b/opt/x86_64-linux-musl/LLVMBootstrap-9.0.1:/depot/artifacts/1f1eff795e9e8a2f8a3929de9f902123749a9b6b/opt/x86_64-linux-musl/PlatformSupport-2020.2.7:/depot/artifacts/1f1eff795e9e8a2f8a3929de9f902123749a9b6b/opt/x86_64-linux-musl/GCCBootstrap-4.8.5 at /depot/artifacts/1f1eff795e9e8a2f8a3929de9f902123749a9b6b/opt/x86_64-linux-musl (modifications in /proc/upper/x86_64-linux-musl, workspace in /proc/work/x86_64-linux-musl)
--> Mounting procfs at /depot/artifacts/1f1eff795e9e8a2f8a3929de9f902123749a9b6b/proc
--> Mounting /dev/null at /depot/artifacts/1f1eff795e9e8a2f8a3929de9f902123749a9b6b/dev/null
--> Mounting /dev/tty at /depot/artifacts/1f1eff795e9e8a2f8a3929de9f902123749a9b6b/dev/tty
--> Mounting /dev/urandom at /depot/artifacts/1f1eff795e9e8a2f8a3929de9f902123749a9b6b/dev/urandom
--> workspacing /depot/ccache to /depot/artifacts/1f1eff795e9e8a2f8a3929de9f902123749a9b6b/root/.ccache
--> workspacing /tmp/jl_GfCQez to /depot/artifacts/1f1eff795e9e8a2f8a3929de9f902123749a9b6b/opt/bin
--> workspacing /agent/_work/1/s/O/Ogg/build/x86_64-w64-mingw32/yFLfJsXS/metadir to /depot/artifacts/1f1eff795e9e8a2f8a3929de9f902123749a9b6b/meta
--> workspacing /agent/_work/1/s/O/Ogg/build/x86_64-w64-mingw32/yFLfJsXS to /depot/artifacts/1f1eff795e9e8a2f8a3929de9f902123749a9b6b/workspace
--> Mounting procfs at /proc
Child Process PID is 20770
--> Mapping 0:0 to root:root within container namespace
--> Mounting procfs at /depot/artifacts/1f1eff795e9e8a2f8a3929de9f902123749a9b6b/proc
About to run `/bin/bash` `-l` `-c` `# Stop if we hit any errors.
set -e

# If we're running as `bash`, then use the `DEBUG` and `ERR` traps
if [ $(basename $0) = "bash" ]; then
    trap "trap - DEBUG INT TERM ERR EXIT; \
          set +e +x; \
          auto_install_license; \
          save_env" \
        EXIT

    trap "RET=\$?; \
          trap - DEBUG INT TERM ERR EXIT; \
          set +e +x; \
          echo Previous command \$! exited with \$RET >&2; \
          save_env; \
          exit \$RET" \
        INT TERM ERR

    # Start saving everything into our history
    trap save_history DEBUG
else
    # If we're running in `sh` or something like that, we need a
    # slightly slimmer set of traps. :(
    trap "RET=\$?; \
          echo Previous command exited with \$RET >&2; \
          set +e +x; \
          save_env; \
          exit \$RET" \
        EXIT INT TERM
fi

cd $WORKSPACE/srcdir/libogg-*/

# Don't let `configure` use `-ffast-math` ANYWHERE
sed -i.bak -e 's/-ffast-math//g' ./configure
./configure --prefix=$prefix --host=${target} --build=${MACHTYPE}
make -j${nproc}
make install

` 
 ---> cd $WORKSPACE/srcdir/libogg-*/
 ---> sed -i.bak -e 's/-ffast-math//g' ./configure
 ---> ./configure --prefix=$prefix --host=${target} --build=${MACHTYPE}
checking build system type... x86_64-pc-linux-musl
checking host system type... x86_64-w64-mingw32
checking how to print strings... printf
checking for x86_64-w64-mingw32-gcc... cc
checking whether the C compiler works... yes
checking for C compiler default output file name... a.exe
checking for suffix of executables... .exe
checking whether we are cross compiling... yes
checking for suffix of object files... o
checking whether we are using the GNU C compiler... yes
checking whether cc accepts -g... yes
checking for cc option to accept ISO C89... none needed
checking whether cc understands -c and -o together... yes
checking for a sed that does not truncate output... /bin/sed
checking for grep that handles long lines and -e... /bin/grep
checking for egrep... /bin/grep -E
checking for fgrep... /bin/grep -F
checking for ld used by cc... /opt/x86_64-w64-mingw32/x86_64-w64-mingw32/bin/ld
checking if the linker (/opt/x86_64-w64-mingw32/x86_64-w64-mingw32/bin/ld) is GNU ld... yes
checking for BSD- or MS-compatible name lister (nm)... /opt/bin/x86_64-w64-mingw32-nm -B
checking the name lister (/opt/bin/x86_64-w64-mingw32-nm -B) interface... BSD nm
checking whether ln -s works... yes
checking the maximum length of command line arguments... 98304
checking how to convert x86_64-pc-linux-musl file names to x86_64-w64-mingw32 format... func_convert_file_nix_to_w32
checking how to convert x86_64-pc-linux-musl file names to toolchain format... func_convert_file_noop
checking for /opt/x86_64-w64-mingw32/x86_64-w64-mingw32/bin/ld option to reload object files... -r
checking for x86_64-w64-mingw32-objdump... x86_64-w64-mingw32-objdump
checking how to recognize dependent libraries... file_magic ^x86 archive import|^x86 DLL
checking for x86_64-w64-mingw32-dlltool... x86_64-w64-mingw32-dlltool
checking how to associate runtime and link libraries... func_cygming_dll_for_implib
checking for x86_64-w64-mingw32-ar... x86_64-w64-mingw32-ar
checking for archiver @FILE support... @
checking for x86_64-w64-mingw32-strip... x86_64-w64-mingw32-strip
checking for x86_64-w64-mingw32-ranlib... x86_64-w64-mingw32-ranlib
checking for gawk... gawk
checking command to parse /opt/bin/x86_64-w64-mingw32-nm -B output from cc object... ok
checking for sysroot... no
checking for a working dd... /bin/dd
checking how to truncate binary pipes... /bin/dd bs=4096 count=1
checking for x86_64-w64-mingw32-mt... no
checking for mt... no
checking if : is a manifest tool... no
checking how to run the C preprocessor... cc -E
checking for ANSI C header files... yes
checking for sys/types.h... yes
checking for sys/stat.h... yes
checking for stdlib.h... yes
checking for string.h... yes
checking for memory.h... yes
checking for strings.h... yes
checking for inttypes.h... yes
checking for stdint.h... yes
checking for unistd.h... yes
checking for dlfcn.h... no
checking for objdir... .libs
checking if cc supports -fno-rtti -fno-exceptions... no
checking for cc option to produce PIC... -DDLL_EXPORT -DPIC
checking if cc PIC flag -DDLL_EXPORT -DPIC works... yes
checking if cc static flag -static works... yes
checking if cc supports -c -o file.o... yes
checking if cc supports -c -o file.o... (cached) yes
checking whether the cc linker (/opt/x86_64-w64-mingw32/x86_64-w64-mingw32/bin/ld) supports shared libraries... yes
checking whether -lc should be explicitly linked in... yes
checking dynamic linker characteristics... Win32 ld.exe
checking how to hardcode library paths into programs... immediate
checking whether stripping libraries is possible... yes
checking if libtool supports shared libraries... yes
checking whether to build shared libraries... yes
checking whether to build static libraries... yes
checking for a BSD-compatible install... /usr/bin/install -c
checking whether build environment is sane... yes
checking for x86_64-w64-mingw32-strip... (cached) x86_64-w64-mingw32-strip
checking for a thread-safe mkdir -p... ./install-sh -c -d
checking whether make sets $(MAKE)... yes
checking whether make supports the include directive... yes (GNU style)
checking whether make supports nested variables... yes
checking dependency style of cc... gcc3
checking whether to enable maintainer-specific portions of Makefiles... yes
checking for x86_64-w64-mingw32-gcc... (cached) cc
checking whether we are using the GNU C compiler... (cached) yes
checking whether cc accepts -g... (cached) yes
checking for cc option to accept ISO C89... (cached) none needed
checking whether cc understands -c and -o together... (cached) yes
checking for ANSI C header files... (cached) yes
checking for inttypes.h... (cached) yes
checking for stdint.h... (cached) yes
checking for sys/types.h... (cached) yes
checking for an ANSI C-conforming const... yes
checking size of int16_t... 2
checking size of uint16_t... 2
checking size of u_int16_t... 0
checking size of int32_t... 4
checking size of uint32_t... 4
checking size of u_int32_t... 0
checking size of int64_t... 8
checking size of uint64_t... 8
checking size of short... 2
checking size of int... 4
checking size of long... 4
checking size of long long... 8
checking for working memcmp... no
checking that generated files are newer than configure... done
configure: creating ./config.status
config.status: creating Makefile
config.status: creating src/Makefile
config.status: creating doc/Makefile
config.status: creating doc/libogg/Makefile
config.status: creating include/Makefile
config.status: creating include/ogg/Makefile
config.status: creating include/ogg/config_types.h
config.status: creating libogg.spec
config.status: creating ogg.pc
config.status: creating ogg-uninstalled.pc
config.status: creating config.h
config.status: executing libtool commands
config.status: executing depfiles commands
 ---> make -j${nproc}
make  all-recursive
make[1]: Entering directory '/workspace/srcdir/libogg-1.3.4'
Making all in src
make[2]: Entering directory '/workspace/srcdir/libogg-1.3.4/src'
cc -DHAVE_CONFIG_H -I. -I..  -I../include -I../include  -D_V_SELFTEST -O20 -fsigned-char -g -O2 -MT test_bitwise-bitwise.o -MD -MP -MF .deps/test_bitwise-bitwise.Tpo -c -o test_bitwise-bitwise.o `test -f 'bitwise.c' || echo './'`bitwise.c
cc -DHAVE_CONFIG_H -I. -I..  -I../include -I../include  -D_V_SELFTEST -O20 -fsigned-char -g -O2 -MT test_framing-framing.o -MD -MP -MF .deps/test_framing-framing.Tpo -c -o test_framing-framing.o `test -f 'framing.c' || echo './'`framing.c
/bin/sh ../libtool  --tag=CC   --mode=compile cc -DHAVE_CONFIG_H -I. -I..  -I../include -I../include   -O20 -fsigned-char -g -O2 -MT framing.lo -MD -MP -MF .deps/framing.Tpo -c -o framing.lo framing.c
/bin/sh ../libtool  --tag=CC   --mode=compile cc -DHAVE_CONFIG_H -I. -I..  -I../include -I../include   -O20 -fsigned-char -g -O2 -MT bitwise.lo -MD -MP -MF .deps/bitwise.Tpo -c -o bitwise.lo bitwise.c
mv -f .deps/test_bitwise-bitwise.Tpo .deps/test_bitwise-bitwise.Po
/bin/sh ../libtool  --tag=CC   --mode=link cc -D_V_SELFTEST -O20 -fsigned-char -g -O2   -o test_bitwise.exe test_bitwise-bitwise.o  
libtool: compile:  cc -DHAVE_CONFIG_H -I. -I.. -I../include -I../include -O20 -fsigned-char -g -O2 -MT bitwise.lo -MD -MP -MF .deps/bitwise.Tpo -c bitwise.c  -DDLL_EXPORT -DPIC -o .libs/bitwise.o
libtool: compile:  cc -DHAVE_CONFIG_H -I. -I.. -I../include -I../include -O20 -fsigned-char -g -O2 -MT framing.lo -MD -MP -MF .deps/framing.Tpo -c framing.c  -DDLL_EXPORT -DPIC -o .libs/framing.o
mv -f .deps/test_framing-framing.Tpo .deps/test_framing-framing.Po
/bin/sh ../libtool  --tag=CC   --mode=link cc -D_V_SELFTEST -O20 -fsigned-char -g -O2   -o test_framing.exe test_framing-framing.o  
libtool: compile:  cc -DHAVE_CONFIG_H -I. -I.. -I../include -I../include -O20 -fsigned-char -g -O2 -MT framing.lo -MD -MP -MF .deps/framing.Tpo -c framing.c -o framing.o >/dev/null 2>&1
libtool: compile:  cc -DHAVE_CONFIG_H -I. -I.. -I../include -I../include -O20 -fsigned-char -g -O2 -MT bitwise.lo -MD -MP -MF .deps/bitwise.Tpo -c bitwise.c -o bitwise.o >/dev/null 2>&1
libtool: link: cc -D_V_SELFTEST -O20 -fsigned-char -g -O2 -o .libs/test_bitwise.exe test_bitwise-bitwise.o 
mv -f .deps/framing.Tpo .deps/framing.Plo
mv -f .deps/bitwise.Tpo .deps/bitwise.Plo
/bin/sh ../libtool  --tag=CC   --mode=link cc  -O20 -fsigned-char -g -O2 -no-undefined -version-info 8:4:8  -o libogg.la -rpath /workspace/destdir/lib framing.lo bitwise.lo  
libtool: link: cc -D_V_SELFTEST -O20 -fsigned-char -g -O2 -o .libs/test_framing.exe test_framing-framing.o 
libtool: link: cc -shared  .libs/framing.o .libs/bitwise.o    -O20 -g -O2   -o .libs/libogg-0.dll -Wl,--enable-auto-image-base -Xlinker --out-implib -Xlinker .libs/libogg.dll.a
libtool: link: x86_64-w64-mingw32-ar cru .libs/libogg.a  framing.o bitwise.o
libtool: link: x86_64-w64-mingw32-ranlib .libs/libogg.a
libtool: link: ( cd ".libs" && rm -f "libogg.la" && ln -s "../libogg.la" "libogg.la" )
make[2]: Leaving directory '/workspace/srcdir/libogg-1.3.4/src'
Making all in include
make[2]: Entering directory '/workspace/srcdir/libogg-1.3.4/include'
Making all in ogg
make[3]: Entering directory '/workspace/srcdir/libogg-1.3.4/include/ogg'
make[3]: Nothing to be done for 'all'.
make[3]: Leaving directory '/workspace/srcdir/libogg-1.3.4/include/ogg'
make[3]: Entering directory '/workspace/srcdir/libogg-1.3.4/include'
make[3]: Nothing to be done for 'all-am'.
make[3]: Leaving directory '/workspace/srcdir/libogg-1.3.4/include'
make[2]: Leaving directory '/workspace/srcdir/libogg-1.3.4/include'
Making all in doc
make[2]: Entering directory '/workspace/srcdir/libogg-1.3.4/doc'
Making all in libogg
make[3]: Entering directory '/workspace/srcdir/libogg-1.3.4/doc/libogg'
make[3]: Nothing to be done for 'all'.
make[3]: Leaving directory '/workspace/srcdir/libogg-1.3.4/doc/libogg'
make[3]: Entering directory '/workspace/srcdir/libogg-1.3.4/doc'
make[3]: Nothing to be done for 'all-am'.
make[3]: Leaving directory '/workspace/srcdir/libogg-1.3.4/doc'
make[2]: Leaving directory '/workspace/srcdir/libogg-1.3.4/doc'
make[2]: Entering directory '/workspace/srcdir/libogg-1.3.4'
make[2]: Leaving directory '/workspace/srcdir/libogg-1.3.4'
make[1]: Leaving directory '/workspace/srcdir/libogg-1.3.4'
 ---> make install
Making install in src
make[1]: Entering directory '/workspace/srcdir/libogg-1.3.4/src'
make[2]: Entering directory '/workspace/srcdir/libogg-1.3.4/src'
 .././install-sh -c -d '/workspace/destdir/lib'
 /bin/sh ../libtool   --mode=install /usr/bin/install -c   libogg.la '/workspace/destdir/lib'
libtool: install: /usr/bin/install -c .libs/libogg.dll.a /workspace/destdir/lib/libogg.dll.a
libtool: install: base_file=`basename libogg.la`
libtool: install:  dlpath=`/bin/sh 2>&1 -c '. .libs/'libogg.la'i; echo libogg-0.dll'`
libtool: install:  dldir=/workspace/destdir/lib/`dirname ../bin/libogg-0.dll`
libtool: install:  test -d /workspace/destdir/lib/../bin || mkdir -p /workspace/destdir/lib/../bin
libtool: install:  /usr/bin/install -c .libs/libogg-0.dll /workspace/destdir/lib/../bin/libogg-0.dll
libtool: install:  chmod a+x /workspace/destdir/lib/../bin/libogg-0.dll
libtool: install:  if test -n '' && test -n 'x86_64-w64-mingw32-strip --strip-unneeded'; then eval 'x86_64-w64-mingw32-strip --strip-unneeded /workspace/destdir/lib/../bin/libogg-0.dll' || exit 0; fi
libtool: install: /usr/bin/install -c .libs/libogg.lai /workspace/destdir/lib/libogg.la
libtool: install: /usr/bin/install -c .libs/libogg.a /workspace/destdir/lib/libogg.a
libtool: install: chmod 644 /workspace/destdir/lib/libogg.a
libtool: install: x86_64-w64-mingw32-ranlib /workspace/destdir/lib/libogg.a
make[2]: Nothing to be done for 'install-data-am'.
make[2]: Leaving directory '/workspace/srcdir/libogg-1.3.4/src'
make[1]: Leaving directory '/workspace/srcdir/libogg-1.3.4/src'
Making install in include
make[1]: Entering directory '/workspace/srcdir/libogg-1.3.4/include'
Making install in ogg
make[2]: Entering directory '/workspace/srcdir/libogg-1.3.4/include/ogg'
make[3]: Entering directory '/workspace/srcdir/libogg-1.3.4/include/ogg'
make[3]: Nothing to be done for 'install-exec-am'.
 ../.././install-sh -c -d '/workspace/destdir/include/ogg'
 /usr/bin/install -c -m 644 config_types.h '/workspace/destdir/include/ogg'
 ../.././install-sh -c -d '/workspace/destdir/include/ogg'
 /usr/bin/install -c -m 644 ogg.h os_types.h '/workspace/destdir/include/ogg'
make[3]: Leaving directory '/workspace/srcdir/libogg-1.3.4/include/ogg'
make[2]: Leaving directory '/workspace/srcdir/libogg-1.3.4/include/ogg'
make[2]: Entering directory '/workspace/srcdir/libogg-1.3.4/include'
make[3]: Entering directory '/workspace/srcdir/libogg-1.3.4/include'
make[3]: Nothing to be done for 'install-exec-am'.
make[3]: Nothing to be done for 'install-data-am'.
make[3]: Leaving directory '/workspace/srcdir/libogg-1.3.4/include'
make[2]: Leaving directory '/workspace/srcdir/libogg-1.3.4/include'
make[1]: Leaving directory '/workspace/srcdir/libogg-1.3.4/include'
Making install in doc
make[1]: Entering directory '/workspace/srcdir/libogg-1.3.4/doc'
Making install in libogg
make[2]: Entering directory '/workspace/srcdir/libogg-1.3.4/doc/libogg'
make[3]: Entering directory '/workspace/srcdir/libogg-1.3.4/doc/libogg'
make[3]: Nothing to be done for 'install-exec-am'.
 ../.././install-sh -c -d '/workspace/destdir/share/doc/libogg/libogg'
 /usr/bin/install -c -m 644 bitpacking.html datastructures.html decoding.html encoding.html general.html index.html ogg_iovec_t.html ogg_packet.html ogg_packet_clear.html ogg_page.html ogg_page_bos.html ogg_page_checksum_set.html ogg_page_continued.html ogg_page_eos.html ogg_page_granulepos.html ogg_page_packets.html ogg_page_pageno.html ogg_page_serialno.html ogg_page_version.html ogg_stream_check.html ogg_stream_clear.html ogg_stream_destroy.html ogg_stream_eos.html ogg_stream_flush.html ogg_stream_flush_fill.html ogg_stream_init.html ogg_stream_iovecin.html ogg_stream_packetin.html ogg_stream_packetout.html ogg_stream_packetpeek.html ogg_stream_pagein.html ogg_stream_pageout.html ogg_stream_pageout_fill.html ogg_stream_reset.html ogg_stream_reset_serialno.html ogg_stream_state.html ogg_sync_buffer.html ogg_sync_check.html ogg_sync_clear.html ogg_sync_destroy.html '/workspace/destdir/share/doc/libogg/libogg'
 /usr/bin/install -c -m 644 ogg_sync_init.html ogg_sync_pageout.html ogg_sync_pageseek.html ogg_sync_reset.html ogg_sync_state.html ogg_sync_wrote.html oggpack_adv.html oggpack_adv1.html oggpack_bits.html oggpack_buffer.html oggpack_bytes.html oggpack_get_buffer.html oggpack_look.html oggpack_look1.html oggpack_read.html oggpack_read1.html oggpack_readinit.html oggpack_reset.html oggpack_write.html oggpack_writealign.html oggpack_writecheck.html oggpack_writeclear.html oggpack_writecopy.html oggpack_writeinit.html oggpack_writetrunc.html overview.html reference.html style.css '/workspace/destdir/share/doc/libogg/libogg'
make[3]: Leaving directory '/workspace/srcdir/libogg-1.3.4/doc/libogg'
make[2]: Leaving directory '/workspace/srcdir/libogg-1.3.4/doc/libogg'
make[2]: Entering directory '/workspace/srcdir/libogg-1.3.4/doc'
make[3]: Entering directory '/workspace/srcdir/libogg-1.3.4/doc'
make[3]: Nothing to be done for 'install-exec-am'.
 .././install-sh -c -d '/workspace/destdir/share/doc/libogg'
 /usr/bin/install -c -m 644 framing.html index.html oggstream.html ogg-multiplex.html fish_xiph_org.png multiplex1.png packets.png pages.png stream.png vorbisword2.png white-ogg.png white-xifish.png rfc3533.txt rfc5334.txt skeleton.html '/workspace/destdir/share/doc/libogg'
make[3]: Leaving directory '/workspace/srcdir/libogg-1.3.4/doc'
make[2]: Leaving directory '/workspace/srcdir/libogg-1.3.4/doc'
make[1]: Leaving directory '/workspace/srcdir/libogg-1.3.4/doc'
make[1]: Entering directory '/workspace/srcdir/libogg-1.3.4'
make[2]: Entering directory '/workspace/srcdir/libogg-1.3.4'
make[2]: Nothing to be done for 'install-exec-am'.
 ./install-sh -c -d '/workspace/destdir/share/aclocal'
 /usr/bin/install -c -m 644 ogg.m4 '/workspace/destdir/share/aclocal'
 ./install-sh -c -d '/workspace/destdir/lib/pkgconfig'
 /usr/bin/install -c -m 644 ogg.pc '/workspace/destdir/lib/pkgconfig'
make[2]: Leaving directory '/workspace/srcdir/libogg-1.3.4'
make[1]: Leaving directory '/workspace/srcdir/libogg-1.3.4'
 ---> source "$_script"
Installing license file "/workspace/srcdir/libogg-1.3.4/COPYING" to "/workspace/destdir/share/licenses/Ogg/COPYING"...
Child Process exited, exit code 0
